<?xml version="1.0" encoding="UTF-8"?>
<coverage generated="1756333505440" clover="3.2.0">
  <project timestamp="1756333505440" name="All files">
    <metrics statements="1640" coveredstatements="1346" conditionals="4742" coveredconditionals="1048" methods="1684" coveredmethods="589" elements="8066" coveredelements="2983" complexity="0" loc="1640" ncloc="1640" packages="38" files="78" classes="78"/>
    <package name="src">
      <metrics statements="7" coveredstatements="7" conditionals="0" coveredconditionals="0" methods="3" coveredmethods="3"/>
      <file name="app.ts" path="C:\Users\jgono\Documents\Parroquia\parroquia_zu\src\app.ts">
        <metrics statements="7" coveredstatements="7" conditionals="0" coveredconditionals="0" methods="3" coveredmethods="3"/>
        <line num="1" count="1" type="stmt"/>
        <line num="2" count="1" type="stmt"/>
        <line num="3" count="1" type="stmt"/>
        <line num="5" count="1" type="stmt"/>
        <line num="6" count="1" type="stmt"/>
        <line num="10" count="1" type="stmt"/>
        <line num="12" count="1" type="stmt"/>
      </file>
    </package>
    <package name="src.config">
      <metrics statements="25" coveredstatements="14" conditionals="4" coveredconditionals="0" methods="8" coveredmethods="0"/>
      <file name="bcrypt.adapter.ts" path="C:\Users\jgono\Documents\Parroquia\parroquia_zu\src\config\bcrypt.adapter.ts">
        <metrics statements="5" coveredstatements="2" conditionals="0" coveredconditionals="0" methods="2" coveredmethods="0"/>
        <line num="1" count="11" type="stmt"/>
        <line num="3" count="11" type="stmt"/>
        <line num="5" count="0" type="stmt"/>
        <line num="6" count="0" type="stmt"/>
        <line num="9" count="0" type="stmt"/>
      </file>
      <file name="envs.ts" path="C:\Users\jgono\Documents\Parroquia\parroquia_zu\src\config\envs.ts">
        <metrics statements="3" coveredstatements="3" conditionals="0" coveredconditionals="0" methods="0" coveredmethods="0"/>
        <line num="1" count="11" type="stmt"/>
        <line num="2" count="11" type="stmt"/>
        <line num="4" count="11" type="stmt"/>
      </file>
      <file name="index.ts" path="C:\Users\jgono\Documents\Parroquia\parroquia_zu\src\config\index.ts">
        <metrics statements="4" coveredstatements="4" conditionals="0" coveredconditionals="0" methods="0" coveredmethods="0"/>
        <line num="1" count="11" type="stmt"/>
        <line num="2" count="11" type="stmt"/>
        <line num="3" count="11" type="stmt"/>
        <line num="4" count="11" type="stmt"/>
      </file>
      <file name="jwt-adapter.ts" path="C:\Users\jgono\Documents\Parroquia\parroquia_zu\src\config\jwt-adapter.ts">
        <metrics statements="12" coveredstatements="4" conditionals="4" coveredconditionals="0" methods="6" coveredmethods="0"/>
        <line num="5" count="11" type="stmt"/>
        <line num="6" count="11" type="stmt"/>
        <line num="8" count="11" type="stmt"/>
        <line num="10" count="11" type="stmt"/>
        <line num="12" count="0" type="stmt"/>
        <line num="13" count="0" type="stmt"/>
        <line num="14" count="0" type="cond" truecount="0" falsecount="2"/>
        <line num="16" count="0" type="stmt"/>
        <line num="22" count="0" type="stmt"/>
        <line num="23" count="0" type="stmt"/>
        <line num="24" count="0" type="cond" truecount="0" falsecount="2"/>
        <line num="26" count="0" type="stmt"/>
      </file>
      <file name="regularExp.ts" path="C:\Users\jgono\Documents\Parroquia\parroquia_zu\src\config\regularExp.ts">
        <metrics statements="1" coveredstatements="1" conditionals="0" coveredconditionals="0" methods="0" coveredmethods="0"/>
        <line num="1" count="11" type="stmt"/>
      </file>
    </package>
    <package name="src.constants">
      <metrics statements="16" coveredstatements="7" conditionals="0" coveredconditionals="0" methods="14" coveredmethods="5"/>
      <file name="params.c.ts" path="C:\Users\jgono\Documents\Parroquia\parroquia_zu\src\constants\params.c.ts">
        <metrics statements="1" coveredstatements="1" conditionals="0" coveredconditionals="0" methods="0" coveredmethods="0"/>
        <line num="1" count="11" type="stmt"/>
      </file>
      <file name="validationMessage.c.ts" path="C:\Users\jgono\Documents\Parroquia\parroquia_zu\src\constants\validationMessage.c.ts">
        <metrics statements="15" coveredstatements="6" conditionals="0" coveredconditionals="0" methods="14" coveredmethods="5"/>
        <line num="1" count="11" type="stmt"/>
        <line num="2" count="264" type="stmt"/>
        <line num="3" count="0" type="stmt"/>
        <line num="4" count="0" type="stmt"/>
        <line num="5" count="0" type="stmt"/>
        <line num="6" count="0" type="stmt"/>
        <line num="7" count="429" type="stmt"/>
        <line num="8" count="66" type="stmt"/>
        <line num="9" count="66" type="stmt"/>
        <line num="10" count="44" type="stmt"/>
        <line num="11" count="0" type="stmt"/>
        <line num="12" count="0" type="stmt"/>
        <line num="13" count="0" type="stmt"/>
        <line num="14" count="0" type="stmt"/>
        <line num="15" count="0" type="stmt"/>
      </file>
    </package>
    <package name="src.data.postgress">
      <metrics statements="2" coveredstatements="2" conditionals="0" coveredconditionals="0" methods="0" coveredmethods="0"/>
      <file name="index.ts" path="C:\Users\jgono\Documents\Parroquia\parroquia_zu\src\data\postgress\index.ts">
        <metrics statements="2" coveredstatements="2" conditionals="0" coveredconditionals="0" methods="0" coveredmethods="0"/>
        <line num="1" count="11" type="stmt"/>
        <line num="3" count="11" type="stmt"/>
      </file>
    </package>
    <package name="src.domain">
      <metrics statements="5" coveredstatements="5" conditionals="0" coveredconditionals="0" methods="0" coveredmethods="0"/>
      <file name="index.ts" path="C:\Users\jgono\Documents\Parroquia\parroquia_zu\src\domain\index.ts">
        <metrics statements="5" coveredstatements="5" conditionals="0" coveredconditionals="0" methods="0" coveredmethods="0"/>
        <line num="1" count="11" type="stmt"/>
        <line num="2" count="11" type="stmt"/>
        <line num="3" count="11" type="stmt"/>
        <line num="4" count="11" type="stmt"/>
        <line num="5" count="11" type="stmt"/>
      </file>
    </package>
    <package name="src.domain.DTOs">
      <metrics statements="7" coveredstatements="7" conditionals="0" coveredconditionals="0" methods="0" coveredmethods="0"/>
      <file name="index.ts" path="C:\Users\jgono\Documents\Parroquia\parroquia_zu\src\domain\DTOs\index.ts">
        <metrics statements="7" coveredstatements="7" conditionals="0" coveredconditionals="0" methods="0" coveredmethods="0"/>
        <line num="1" count="11" type="stmt"/>
        <line num="2" count="11" type="stmt"/>
        <line num="3" count="11" type="stmt"/>
        <line num="4" count="11" type="stmt"/>
        <line num="5" count="11" type="stmt"/>
        <line num="6" count="11" type="stmt"/>
        <line num="7" count="11" type="stmt"/>
      </file>
    </package>
    <package name="src.domain.DTOs.RolPersonal">
      <metrics statements="24" coveredstatements="21" conditionals="17" coveredconditionals="9" methods="5" coveredmethods="5"/>
      <file name="CreateRolPersonal.dto.ts" path="C:\Users\jgono\Documents\Parroquia\parroquia_zu\src\domain\DTOs\RolPersonal\CreateRolPersonal.dto.ts">
        <metrics statements="8" coveredstatements="7" conditionals="2" coveredconditionals="1" methods="2" coveredmethods="2"/>
        <line num="9" count="11" type="stmt"/>
        <line num="11" count="2" type="stmt"/>
        <line num="12" count="2" type="stmt"/>
        <line num="13" count="2" type="stmt"/>
        <line num="17" count="2" type="stmt"/>
        <line num="20" count="2" type="cond" truecount="1" falsecount="1"/>
        <line num="21" count="0" type="stmt"/>
        <line num="24" count="2" type="stmt"/>
      </file>
      <file name="UpdateRolPersonal.dto.ts" path="C:\Users\jgono\Documents\Parroquia\parroquia_zu\src\domain\DTOs\RolPersonal\UpdateRolPersonal.dto.ts">
        <metrics statements="16" coveredstatements="14" conditionals="15" coveredconditionals="8" methods="3" coveredmethods="3"/>
        <line num="11" count="11" type="stmt"/>
        <line num="13" count="2" type="stmt"/>
        <line num="14" count="2" type="stmt"/>
        <line num="15" count="2" type="stmt"/>
        <line num="16" count="2" type="stmt"/>
        <line num="20" count="1" type="stmt"/>
        <line num="21" count="1" type="cond" truecount="1" falsecount="1"/>
        <line num="22" count="1" type="cond" truecount="1" falsecount="1"/>
        <line num="23" count="1" type="cond" truecount="1" falsecount="1"/>
        <line num="24" count="1" type="stmt"/>
        <line num="28" count="2" type="stmt"/>
        <line num="31" count="2" type="cond" truecount="3" falsecount="1"/>
        <line num="32" count="0" type="stmt"/>
        <line num="36" count="2" type="cond" truecount="2" falsecount="3"/>
        <line num="37" count="0" type="stmt"/>
        <line num="41" count="2" type="stmt"/>
      </file>
    </package>
    <package name="src.domain.DTOs.auth">
      <metrics statements="8" coveredstatements="2" conditionals="6" coveredconditionals="0" methods="2" coveredmethods="0"/>
      <file name="index.ts" path="C:\Users\jgono\Documents\Parroquia\parroquia_zu\src\domain\DTOs\auth\index.ts">
        <metrics statements="1" coveredstatements="1" conditionals="0" coveredconditionals="0" methods="0" coveredmethods="0"/>
        <line num="1" count="11" type="stmt"/>
      </file>
      <file name="loginUser.dto.ts" path="C:\Users\jgono\Documents\Parroquia\parroquia_zu\src\domain\DTOs\auth\loginUser.dto.ts">
        <metrics statements="7" coveredstatements="1" conditionals="6" coveredconditionals="0" methods="2" coveredmethods="0"/>
        <line num="9" count="11" type="stmt"/>
        <line num="10" count="0" type="stmt"/>
        <line num="13" count="0" type="stmt"/>
        <line num="15" count="0" type="cond" truecount="0" falsecount="2"/>
        <line num="17" count="0" type="cond" truecount="0" falsecount="2"/>
        <line num="18" count="0" type="cond" truecount="0" falsecount="2"/>
        <line num="20" count="0" type="stmt"/>
      </file>
    </package>
    <package name="src.domain.DTOs.comunitities">
      <metrics statements="35" coveredstatements="17" conditionals="48" coveredconditionals="21" methods="5" coveredmethods="2"/>
      <file name="CreateCommunityDto.ts" path="C:\Users\jgono\Documents\Parroquia\parroquia_zu\src\domain\DTOs\comunitities\CreateCommunityDto.ts">
        <metrics statements="17" coveredstatements="15" conditionals="30" coveredconditionals="21" methods="2" coveredmethods="2"/>
        <line num="5" count="11" type="stmt"/>
        <line num="16" count="11" type="stmt"/>
        <line num="24" count="2" type="stmt"/>
        <line num="25" count="2" type="stmt"/>
        <line num="26" count="2" type="cond" truecount="3" falsecount="1"/>
        <line num="27" count="2" type="cond" truecount="3" falsecount="1"/>
        <line num="28" count="2" type="stmt"/>
        <line num="32" count="2" type="stmt"/>
        <line num="34" count="2" type="stmt"/>
        <line num="36" count="2" type="cond" truecount="1" falsecount="1"/>
        <line num="37" count="2" type="cond" truecount="1" falsecount="1"/>
        <line num="39" count="2" type="cond" truecount="1" falsecount="1"/>
        <line num="41" count="2" type="cond" truecount="3" falsecount="1"/>
        <line num="42" count="0" type="stmt"/>
        <line num="45" count="2" type="cond" truecount="3" falsecount="1"/>
        <line num="46" count="0" type="stmt"/>
        <line num="49" count="2" type="cond" truecount="6" falsecount="2"/>
      </file>
      <file name="UpdateCommunity.dto.ts" path="C:\Users\jgono\Documents\Parroquia\parroquia_zu\src\domain\DTOs\comunitities\UpdateCommunity.dto.ts">
        <metrics statements="18" coveredstatements="2" conditionals="18" coveredconditionals="0" methods="3" coveredmethods="0"/>
        <line num="5" count="11" type="stmt"/>
        <line num="14" count="11" type="stmt"/>
        <line num="22" count="0" type="stmt"/>
        <line num="23" count="0" type="stmt"/>
        <line num="24" count="0" type="stmt"/>
        <line num="25" count="0" type="stmt"/>
        <line num="26" count="0" type="stmt"/>
        <line num="30" count="0" type="stmt"/>
        <line num="33" count="0" type="cond" truecount="0" falsecount="2"/>
        <line num="34" count="0" type="cond" truecount="0" falsecount="2"/>
        <line num="35" count="0" type="cond" truecount="0" falsecount="2"/>
        <line num="36" count="0" type="cond" truecount="0" falsecount="2"/>
        <line num="38" count="0" type="stmt"/>
        <line num="42" count="0" type="stmt"/>
        <line num="44" count="0" type="cond" truecount="0" falsecount="2"/>
        <line num="45" count="0" type="cond" truecount="0" falsecount="4"/>
        <line num="46" count="0" type="cond" truecount="0" falsecount="4"/>
        <line num="48" count="0" type="stmt"/>
      </file>
    </package>
    <package name="src.domain.DTOs.event">
      <metrics statements="63" coveredstatements="54" conditionals="81" coveredconditionals="41" methods="5" coveredmethods="5"/>
      <file name="CreateEvent.dto.ts" path="C:\Users\jgono\Documents\Parroquia\parroquia_zu\src\domain\DTOs\event\CreateEvent.dto.ts">
        <metrics statements="23" coveredstatements="22" conditionals="26" coveredconditionals="17" methods="2" coveredmethods="2"/>
        <line num="19" count="11" type="stmt"/>
        <line num="21" count="4" type="stmt"/>
        <line num="22" count="4" type="stmt"/>
        <line num="23" count="4" type="stmt"/>
        <line num="24" count="4" type="stmt"/>
        <line num="25" count="4" type="stmt"/>
        <line num="26" count="4" type="stmt"/>
        <line num="27" count="4" type="stmt"/>
        <line num="28" count="4" type="stmt"/>
        <line num="29" count="4" type="stmt"/>
        <line num="30" count="4" type="stmt"/>
        <line num="45" count="5" type="stmt"/>
        <line num="48" count="5" type="cond" truecount="1" falsecount="1"/>
        <line num="49" count="5" type="cond" truecount="1" falsecount="1"/>
        <line num="50" count="5" type="cond" truecount="1" falsecount="1"/>
        <line num="51" count="5" type="cond" truecount="1" falsecount="1"/>
        <line num="54" count="5" type="cond" truecount="5" falsecount="1"/>
        <line num="55" count="1" type="stmt"/>
        <line num="59" count="4" type="stmt"/>
        <line num="60" count="4" type="cond" truecount="1" falsecount="1"/>
        <line num="61" count="4" type="cond" truecount="3" falsecount="1"/>
        <line num="62" count="0" type="stmt"/>
        <line num="66" count="4" type="stmt"/>
      </file>
      <file name="UpdateEvent.dto.ts" path="C:\Users\jgono\Documents\Parroquia\parroquia_zu\src\domain\DTOs\event\UpdateEvent.dto.ts">
        <metrics statements="40" coveredstatements="32" conditionals="55" coveredconditionals="24" methods="3" coveredmethods="3"/>
        <line num="19" count="11" type="stmt"/>
        <line num="21" count="2" type="stmt"/>
        <line num="22" count="2" type="stmt"/>
        <line num="23" count="2" type="stmt"/>
        <line num="24" count="2" type="stmt"/>
        <line num="25" count="2" type="stmt"/>
        <line num="26" count="2" type="stmt"/>
        <line num="27" count="2" type="stmt"/>
        <line num="28" count="2" type="stmt"/>
        <line num="29" count="2" type="stmt"/>
        <line num="30" count="2" type="stmt"/>
        <line num="31" count="2" type="stmt"/>
        <line num="35" count="1" type="stmt"/>
        <line num="36" count="1" type="cond" truecount="1" falsecount="1"/>
        <line num="37" count="1" type="cond" truecount="1" falsecount="1"/>
        <line num="38" count="1" type="cond" truecount="1" falsecount="1"/>
        <line num="39" count="1" type="cond" truecount="1" falsecount="1"/>
        <line num="40" count="1" type="cond" truecount="1" falsecount="1"/>
        <line num="41" count="1" type="cond" truecount="1" falsecount="1"/>
        <line num="42" count="1" type="cond" truecount="1" falsecount="1"/>
        <line num="43" count="1" type="cond" truecount="1" falsecount="1"/>
        <line num="45" count="1" type="cond" truecount="1" falsecount="1"/>
        <line num="46" count="0" type="stmt"/>
        <line num="47" count="0" type="stmt"/>
        <line num="48" count="1" type="cond" truecount="1" falsecount="1"/>
        <line num="49" count="0" type="stmt"/>
        <line num="50" count="0" type="stmt"/>
        <line num="52" count="1" type="stmt"/>
        <line num="68" count="2" type="stmt"/>
        <line num="71" count="2" type="cond" truecount="3" falsecount="1"/>
        <line num="72" count="0" type="stmt"/>
        <line num="76" count="2" type="cond" truecount="2" falsecount="2"/>
        <line num="77" count="0" type="stmt"/>
        <line num="81" count="2" type="cond" truecount="2" falsecount="10"/>
        <line num="82" count="0" type="stmt"/>
        <line num="86" count="2" type="cond" truecount="1" falsecount="1"/>
        <line num="87" count="2" type="cond" truecount="1" falsecount="1"/>
        <line num="88" count="2" type="cond" truecount="2" falsecount="3"/>
        <line num="89" count="0" type="stmt"/>
        <line num="93" count="2" type="stmt"/>
      </file>
    </package>
    <package name="src.domain.DTOs.eventType">
      <metrics statements="21" coveredstatements="18" conditionals="14" coveredconditionals="8" methods="5" coveredmethods="5"/>
      <file name="CreateEventType.dto.ts" path="C:\Users\jgono\Documents\Parroquia\parroquia_zu\src\domain\DTOs\eventType\CreateEventType.dto.ts">
        <metrics statements="7" coveredstatements="6" conditionals="2" coveredconditionals="1" methods="2" coveredmethods="2"/>
        <line num="11" count="11" type="stmt"/>
        <line num="13" count="2" type="stmt"/>
        <line num="14" count="2" type="stmt"/>
        <line num="18" count="2" type="stmt"/>
        <line num="21" count="2" type="cond" truecount="1" falsecount="1"/>
        <line num="22" count="0" type="stmt"/>
        <line num="25" count="2" type="stmt"/>
      </file>
      <file name="UpdateEventType.dto.ts" path="C:\Users\jgono\Documents\Parroquia\parroquia_zu\src\domain\DTOs\eventType\UpdateEventType.dto.ts">
        <metrics statements="14" coveredstatements="12" conditionals="12" coveredconditionals="7" methods="3" coveredmethods="3"/>
        <line num="12" count="11" type="stmt"/>
        <line num="14" count="2" type="stmt"/>
        <line num="15" count="2" type="stmt"/>
        <line num="16" count="2" type="stmt"/>
        <line num="20" count="1" type="stmt"/>
        <line num="21" count="1" type="cond" truecount="1" falsecount="1"/>
        <line num="22" count="1" type="cond" truecount="1" falsecount="1"/>
        <line num="23" count="1" type="stmt"/>
        <line num="27" count="2" type="stmt"/>
        <line num="30" count="2" type="cond" truecount="3" falsecount="1"/>
        <line num="31" count="0" type="stmt"/>
        <line num="35" count="2" type="cond" truecount="2" falsecount="2"/>
        <line num="36" count="0" type="stmt"/>
        <line num="40" count="2" type="stmt"/>
      </file>
    </package>
    <package name="src.domain.DTOs.intentionalType">
      <metrics statements="21" coveredstatements="18" conditionals="14" coveredconditionals="8" methods="5" coveredmethods="5"/>
      <file name="CreateIntentional.dto.ts" path="C:\Users\jgono\Documents\Parroquia\parroquia_zu\src\domain\DTOs\intentionalType\CreateIntentional.dto.ts">
        <metrics statements="7" coveredstatements="6" conditionals="2" coveredconditionals="1" methods="2" coveredmethods="2"/>
        <line num="11" count="11" type="stmt"/>
        <line num="13" count="2" type="stmt"/>
        <line num="14" count="2" type="stmt"/>
        <line num="18" count="2" type="stmt"/>
        <line num="21" count="2" type="cond" truecount="1" falsecount="1"/>
        <line num="22" count="0" type="stmt"/>
        <line num="25" count="2" type="stmt"/>
      </file>
      <file name="UpdateIntentional.dto.ts" path="C:\Users\jgono\Documents\Parroquia\parroquia_zu\src\domain\DTOs\intentionalType\UpdateIntentional.dto.ts">
        <metrics statements="14" coveredstatements="12" conditionals="12" coveredconditionals="7" methods="3" coveredmethods="3"/>
        <line num="11" count="11" type="stmt"/>
        <line num="13" count="2" type="stmt"/>
        <line num="14" count="2" type="stmt"/>
        <line num="15" count="2" type="stmt"/>
        <line num="19" count="1" type="stmt"/>
        <line num="20" count="1" type="cond" truecount="1" falsecount="1"/>
        <line num="21" count="1" type="cond" truecount="1" falsecount="1"/>
        <line num="22" count="1" type="stmt"/>
        <line num="26" count="2" type="stmt"/>
        <line num="29" count="2" type="cond" truecount="3" falsecount="1"/>
        <line num="30" count="0" type="stmt"/>
        <line num="34" count="2" type="cond" truecount="2" falsecount="2"/>
        <line num="35" count="0" type="stmt"/>
        <line num="39" count="2" type="stmt"/>
      </file>
    </package>
    <package name="src.domain.DTOs.ministry">
      <metrics statements="32" coveredstatements="27" conditionals="25" coveredconditionals="14" methods="5" coveredmethods="5"/>
      <file name="CreateMinistry.dto.ts" path="C:\Users\jgono\Documents\Parroquia\parroquia_zu\src\domain\DTOs\ministry\CreateMinistry.dto.ts">
        <metrics statements="12" coveredstatements="10" conditionals="6" coveredconditionals="3" methods="2" coveredmethods="2"/>
        <line num="12" count="11" type="stmt"/>
        <line num="14" count="2" type="stmt"/>
        <line num="15" count="2" type="stmt"/>
        <line num="16" count="2" type="stmt"/>
        <line num="20" count="2" type="stmt"/>
        <line num="23" count="2" type="cond" truecount="1" falsecount="1"/>
        <line num="24" count="0" type="stmt"/>
        <line num="29" count="2" type="cond" truecount="1" falsecount="1"/>
        <line num="30" count="2" type="stmt"/>
        <line num="31" count="2" type="cond" truecount="1" falsecount="1"/>
        <line num="32" count="0" type="stmt"/>
        <line num="37" count="2" type="stmt"/>
      </file>
      <file name="UpdateMinistry.dto.ts" path="C:\Users\jgono\Documents\Parroquia\parroquia_zu\src\domain\DTOs\ministry\UpdateMinistry.dto.ts">
        <metrics statements="20" coveredstatements="17" conditionals="19" coveredconditionals="11" methods="3" coveredmethods="3"/>
        <line num="12" count="11" type="stmt"/>
        <line num="14" count="2" type="stmt"/>
        <line num="15" count="2" type="stmt"/>
        <line num="16" count="2" type="stmt"/>
        <line num="17" count="2" type="stmt"/>
        <line num="21" count="1" type="stmt"/>
        <line num="22" count="1" type="cond" truecount="1" falsecount="1"/>
        <line num="23" count="1" type="cond" truecount="1" falsecount="1"/>
        <line num="24" count="1" type="cond" truecount="1" falsecount="1"/>
        <line num="25" count="1" type="stmt"/>
        <line num="29" count="2" type="stmt"/>
        <line num="32" count="2" type="cond" truecount="3" falsecount="1"/>
        <line num="33" count="0" type="stmt"/>
        <line num="37" count="2" type="cond" truecount="2" falsecount="3"/>
        <line num="38" count="0" type="stmt"/>
        <line num="43" count="2" type="cond" truecount="2" falsecount="0"/>
        <line num="44" count="1" type="stmt"/>
        <line num="45" count="1" type="cond" truecount="1" falsecount="1"/>
        <line num="46" count="0" type="stmt"/>
        <line num="51" count="2" type="stmt"/>
      </file>
    </package>
    <package name="src.domain.DTOs.parishStaff">
      <metrics statements="41" coveredstatements="34" conditionals="36" coveredconditionals="17" methods="5" coveredmethods="5"/>
      <file name="CreateParishStaff.dto.ts" path="C:\Users\jgono\Documents\Parroquia\parroquia_zu\src\domain\DTOs\parishStaff\CreateParishStaff.dto.ts">
        <metrics statements="17" coveredstatements="13" conditionals="8" coveredconditionals="4" methods="2" coveredmethods="2"/>
        <line num="14" count="11" type="stmt"/>
        <line num="16" count="3" type="stmt"/>
        <line num="17" count="3" type="stmt"/>
        <line num="18" count="3" type="stmt"/>
        <line num="19" count="3" type="stmt"/>
        <line num="20" count="3" type="stmt"/>
        <line num="21" count="3" type="stmt"/>
        <line num="26" count="3" type="stmt"/>
        <line num="29" count="3" type="cond" truecount="1" falsecount="1"/>
        <line num="30" count="0" type="stmt"/>
        <line num="32" count="3" type="cond" truecount="1" falsecount="1"/>
        <line num="33" count="0" type="stmt"/>
        <line num="36" count="3" type="cond" truecount="1" falsecount="1"/>
        <line num="37" count="0" type="stmt"/>
        <line num="40" count="3" type="cond" truecount="1" falsecount="1"/>
        <line num="41" count="0" type="stmt"/>
        <line num="45" count="3" type="stmt"/>
      </file>
      <file name="UpdateParishStaff.dto.ts" path="C:\Users\jgono\Documents\Parroquia\parroquia_zu\src\domain\DTOs\parishStaff\UpdateParishStaff.dto.ts">
        <metrics statements="24" coveredstatements="21" conditionals="28" coveredconditionals="13" methods="3" coveredmethods="3"/>
        <line num="14" count="11" type="stmt"/>
        <line num="16" count="2" type="stmt"/>
        <line num="17" count="2" type="stmt"/>
        <line num="18" count="2" type="stmt"/>
        <line num="19" count="2" type="stmt"/>
        <line num="20" count="2" type="stmt"/>
        <line num="21" count="2" type="stmt"/>
        <line num="22" count="2" type="stmt"/>
        <line num="26" count="1" type="stmt"/>
        <line num="27" count="1" type="cond" truecount="1" falsecount="1"/>
        <line num="28" count="1" type="cond" truecount="1" falsecount="1"/>
        <line num="29" count="1" type="cond" truecount="1" falsecount="1"/>
        <line num="30" count="1" type="cond" truecount="1" falsecount="1"/>
        <line num="31" count="1" type="cond" truecount="1" falsecount="1"/>
        <line num="32" count="1" type="cond" truecount="1" falsecount="1"/>
        <line num="33" count="1" type="stmt"/>
        <line num="37" count="2" type="stmt"/>
        <line num="40" count="2" type="cond" truecount="3" falsecount="1"/>
        <line num="41" count="0" type="stmt"/>
        <line num="44" count="2" type="cond" truecount="2" falsecount="2"/>
        <line num="45" count="0" type="stmt"/>
        <line num="49" count="2" type="cond" truecount="2" falsecount="6"/>
        <line num="50" count="0" type="stmt"/>
        <line num="54" count="2" type="stmt"/>
      </file>
    </package>
    <package name="src.domain.DTOs.roleMinistery">
      <metrics statements="21" coveredstatements="18" conditionals="14" coveredconditionals="8" methods="5" coveredmethods="5"/>
      <file name="CreateRoleMinistry.dto.ts" path="C:\Users\jgono\Documents\Parroquia\parroquia_zu\src\domain\DTOs\roleMinistery\CreateRoleMinistry.dto.ts">
        <metrics statements="7" coveredstatements="6" conditionals="2" coveredconditionals="1" methods="2" coveredmethods="2"/>
        <line num="9" count="11" type="stmt"/>
        <line num="11" count="2" type="stmt"/>
        <line num="12" count="2" type="stmt"/>
        <line num="16" count="2" type="stmt"/>
        <line num="19" count="2" type="cond" truecount="1" falsecount="1"/>
        <line num="20" count="0" type="stmt"/>
        <line num="23" count="2" type="stmt"/>
      </file>
      <file name="UpdateRoleMinistry.dto.ts" path="C:\Users\jgono\Documents\Parroquia\parroquia_zu\src\domain\DTOs\roleMinistery\UpdateRoleMinistry.dto.ts">
        <metrics statements="14" coveredstatements="12" conditionals="12" coveredconditionals="7" methods="3" coveredmethods="3"/>
        <line num="10" count="11" type="stmt"/>
        <line num="12" count="2" type="stmt"/>
        <line num="13" count="2" type="stmt"/>
        <line num="14" count="2" type="stmt"/>
        <line num="18" count="1" type="stmt"/>
        <line num="19" count="1" type="cond" truecount="1" falsecount="1"/>
        <line num="20" count="1" type="cond" truecount="1" falsecount="1"/>
        <line num="21" count="1" type="stmt"/>
        <line num="25" count="2" type="stmt"/>
        <line num="28" count="2" type="cond" truecount="3" falsecount="1"/>
        <line num="29" count="0" type="stmt"/>
        <line num="33" count="2" type="cond" truecount="2" falsecount="2"/>
        <line num="34" count="0" type="stmt"/>
        <line num="38" count="2" type="stmt"/>
      </file>
    </package>
    <package name="src.domain.DTOs.serviceGroup">
      <metrics statements="31" coveredstatements="26" conditionals="25" coveredconditionals="12" methods="5" coveredmethods="5"/>
      <file name="CreateServiceGroup.dto.ts" path="C:\Users\jgono\Documents\Parroquia\parroquia_zu\src\domain\DTOs\serviceGroup\CreateServiceGroup.dto.ts">
        <metrics statements="13" coveredstatements="10" conditionals="7" coveredconditionals="3" methods="2" coveredmethods="2"/>
        <line num="12" count="11" type="stmt"/>
        <line num="14" count="2" type="stmt"/>
        <line num="15" count="2" type="stmt"/>
        <line num="16" count="2" type="stmt"/>
        <line num="17" count="2" type="stmt"/>
        <line num="21" count="2" type="cond" truecount="0" falsecount="1"/>
        <line num="24" count="2" type="cond" truecount="1" falsecount="1"/>
        <line num="25" count="0" type="stmt"/>
        <line num="27" count="2" type="cond" truecount="1" falsecount="1"/>
        <line num="28" count="0" type="stmt"/>
        <line num="30" count="2" type="cond" truecount="1" falsecount="1"/>
        <line num="31" count="0" type="stmt"/>
        <line num="34" count="2" type="stmt"/>
      </file>
      <file name="UpdateServiceGroup.dto.ts" path="C:\Users\jgono\Documents\Parroquia\parroquia_zu\src\domain\DTOs\serviceGroup\UpdateServiceGroup.dto.ts">
        <metrics statements="18" coveredstatements="16" conditionals="18" coveredconditionals="9" methods="3" coveredmethods="3"/>
        <line num="13" count="11" type="stmt"/>
        <line num="15" count="2" type="stmt"/>
        <line num="16" count="2" type="stmt"/>
        <line num="17" count="2" type="stmt"/>
        <line num="18" count="2" type="stmt"/>
        <line num="19" count="2" type="stmt"/>
        <line num="23" count="1" type="stmt"/>
        <line num="24" count="1" type="cond" truecount="1" falsecount="1"/>
        <line num="25" count="1" type="cond" truecount="1" falsecount="1"/>
        <line num="26" count="1" type="cond" truecount="1" falsecount="1"/>
        <line num="27" count="1" type="cond" truecount="1" falsecount="1"/>
        <line num="28" count="1" type="stmt"/>
        <line num="32" count="2" type="stmt"/>
        <line num="34" count="2" type="cond" truecount="3" falsecount="1"/>
        <line num="35" count="0" type="stmt"/>
        <line num="38" count="2" type="cond" truecount="1" falsecount="1"/>
        <line num="44" count="0" type="stmt"/>
        <line num="47" count="2" type="stmt"/>
      </file>
    </package>
    <package name="src.domain.DTOs.tipoturnos">
      <metrics statements="21" coveredstatements="18" conditionals="14" coveredconditionals="8" methods="5" coveredmethods="5"/>
      <file name="CreateTipoTurnoDto.ts" path="C:\Users\jgono\Documents\Parroquia\parroquia_zu\src\domain\DTOs\tipoturnos\CreateTipoTurnoDto.ts">
        <metrics statements="7" coveredstatements="6" conditionals="2" coveredconditionals="1" methods="2" coveredmethods="2"/>
        <line num="4" count="11" type="stmt"/>
        <line num="6" count="2" type="stmt"/>
        <line num="7" count="2" type="stmt"/>
        <line num="13" count="2" type="stmt"/>
        <line num="15" count="2" type="cond" truecount="1" falsecount="1"/>
        <line num="16" count="0" type="stmt"/>
        <line num="19" count="2" type="stmt"/>
      </file>
      <file name="UpdateTipoTurnoDto.ts" path="C:\Users\jgono\Documents\Parroquia\parroquia_zu\src\domain\DTOs\tipoturnos\UpdateTipoTurnoDto.ts">
        <metrics statements="14" coveredstatements="12" conditionals="12" coveredconditionals="7" methods="3" coveredmethods="3"/>
        <line num="5" count="11" type="stmt"/>
        <line num="7" count="2" type="stmt"/>
        <line num="8" count="2" type="stmt"/>
        <line num="9" count="2" type="stmt"/>
        <line num="13" count="1" type="stmt"/>
        <line num="14" count="1" type="cond" truecount="1" falsecount="1"/>
        <line num="15" count="1" type="cond" truecount="1" falsecount="1"/>
        <line num="16" count="1" type="stmt"/>
        <line num="22" count="2" type="stmt"/>
        <line num="24" count="2" type="cond" truecount="3" falsecount="1"/>
        <line num="25" count="0" type="stmt"/>
        <line num="28" count="2" type="cond" truecount="2" falsecount="2"/>
        <line num="29" count="0" type="stmt"/>
        <line num="32" count="2" type="stmt"/>
      </file>
    </package>
    <package name="src.domain.Entities">
      <metrics statements="12" coveredstatements="3" conditionals="6" coveredconditionals="0" methods="2" coveredmethods="0"/>
      <file name="User.Entity.ts" path="C:\Users\jgono\Documents\Parroquia\parroquia_zu\src\domain\Entities\User.Entity.ts">
        <metrics statements="11" coveredstatements="2" conditionals="6" coveredconditionals="0" methods="2" coveredmethods="0"/>
        <line num="4" count="11" type="stmt"/>
        <line num="12" count="11" type="stmt"/>
        <line num="18" count="0" type="stmt"/>
        <line num="19" count="0" type="stmt"/>
        <line num="20" count="0" type="stmt"/>
        <line num="24" count="0" type="stmt"/>
        <line num="28" count="0" type="cond" truecount="0" falsecount="2"/>
        <line num="29" count="0" type="stmt"/>
        <line num="32" count="0" type="cond" truecount="0" falsecount="2"/>
        <line num="33" count="0" type="cond" truecount="0" falsecount="2"/>
        <line num="35" count="0" type="stmt"/>
      </file>
      <file name="index.ts" path="C:\Users\jgono\Documents\Parroquia\parroquia_zu\src\domain\Entities\index.ts">
        <metrics statements="1" coveredstatements="1" conditionals="0" coveredconditionals="0" methods="0" coveredmethods="0"/>
        <line num="1" count="11" type="stmt"/>
      </file>
    </package>
    <package name="src.domain.errors">
      <metrics statements="13" coveredstatements="9" conditionals="2" coveredconditionals="1" methods="6" coveredmethods="3"/>
      <file name="custom.error.ts" path="C:\Users\jgono\Documents\Parroquia\parroquia_zu\src\domain\errors\custom.error.ts">
        <metrics statements="8" coveredstatements="5" conditionals="0" coveredconditionals="0" methods="5" coveredmethods="2"/>
        <line num="2" count="11" type="stmt"/>
        <line num="4" count="43" type="stmt"/>
        <line num="5" count="43" type="stmt"/>
        <line num="7" count="43" type="stmt"/>
        <line num="11" count="43" type="stmt"/>
        <line num="15" count="0" type="stmt"/>
        <line num="19" count="0" type="stmt"/>
        <line num="23" count="0" type="stmt"/>
      </file>
      <file name="handleError.error.ts" path="C:\Users\jgono\Documents\Parroquia\parroquia_zu\src\domain\errors\handleError.error.ts">
        <metrics statements="5" coveredstatements="4" conditionals="2" coveredconditionals="1" methods="1" coveredmethods="1"/>
        <line num="2" count="11" type="stmt"/>
        <line num="4" count="11" type="stmt"/>
        <line num="5" count="43" type="cond" truecount="1" falsecount="1"/>
        <line num="6" count="43" type="stmt"/>
        <line num="8" count="0" type="stmt"/>
      </file>
    </package>
    <package name="src.domain.shared">
      <metrics statements="7" coveredstatements="7" conditionals="10" coveredconditionals="5" methods="2" coveredmethods="2"/>
      <file name="pagination.dto.ts" path="C:\Users\jgono\Documents\Parroquia\parroquia_zu\src\domain\shared\pagination.dto.ts">
        <metrics statements="7" coveredstatements="7" conditionals="10" coveredconditionals="5" methods="2" coveredmethods="2"/>
        <line num="2" count="11" type="stmt"/>
        <line num="4" count="9" type="stmt"/>
        <line num="5" count="9" type="stmt"/>
        <line num="12" count="9" type="cond" truecount="3" falsecount="1"/>
        <line num="13" count="9" type="cond" truecount="1" falsecount="1"/>
        <line num="14" count="9" type="cond" truecount="1" falsecount="1"/>
        <line num="16" count="9" type="stmt"/>
      </file>
    </package>
    <package name="src.generated.prisma">
      <metrics statements="72" coveredstatements="67" conditionals="8" coveredconditionals="4" methods="1" coveredmethods="0"/>
      <file name="index.js" path="C:\Users\jgono\Documents\Parroquia\parroquia_zu\src\generated\prisma\index.js">
        <metrics statements="72" coveredstatements="67" conditionals="8" coveredconditionals="4" methods="1" coveredmethods="0"/>
        <line num="5" count="11" type="stmt"/>
        <line num="29" count="11" type="stmt"/>
        <line num="32" count="11" type="stmt"/>
        <line num="34" count="11" type="stmt"/>
        <line num="35" count="11" type="stmt"/>
        <line num="41" count="11" type="stmt"/>
        <line num="46" count="11" type="stmt"/>
        <line num="47" count="11" type="stmt"/>
        <line num="48" count="11" type="stmt"/>
        <line num="49" count="11" type="stmt"/>
        <line num="50" count="11" type="stmt"/>
        <line num="51" count="11" type="stmt"/>
        <line num="56" count="11" type="stmt"/>
        <line num="57" count="11" type="stmt"/>
        <line num="58" count="11" type="stmt"/>
        <line num="59" count="11" type="stmt"/>
        <line num="60" count="11" type="stmt"/>
        <line num="65" count="11" type="stmt"/>
        <line num="66" count="11" type="stmt"/>
        <line num="71" count="11" type="stmt"/>
        <line num="72" count="11" type="stmt"/>
        <line num="73" count="11" type="stmt"/>
        <line num="75" count="11" type="stmt"/>
        <line num="84" count="11" type="stmt"/>
        <line num="89" count="11" type="stmt"/>
        <line num="96" count="11" type="stmt"/>
        <line num="103" count="11" type="stmt"/>
        <line num="112" count="11" type="stmt"/>
        <line num="118" count="11" type="stmt"/>
        <line num="132" count="11" type="stmt"/>
        <line num="141" count="11" type="stmt"/>
        <line num="149" count="11" type="stmt"/>
        <line num="163" count="11" type="stmt"/>
        <line num="173" count="11" type="stmt"/>
        <line num="183" count="11" type="stmt"/>
        <line num="190" count="11" type="stmt"/>
        <line num="198" count="11" type="stmt"/>
        <line num="208" count="11" type="stmt"/>
        <line num="213" count="11" type="stmt"/>
        <line num="222" count="11" type="stmt"/>
        <line num="228" count="11" type="stmt"/>
        <line num="235" count="11" type="stmt"/>
        <line num="241" count="11" type="stmt"/>
        <line num="247" count="11" type="stmt"/>
        <line num="253" count="11" type="stmt"/>
        <line num="262" count="11" type="stmt"/>
        <line num="268" count="11" type="stmt"/>
        <line num="273" count="11" type="stmt"/>
        <line num="278" count="11" type="stmt"/>
        <line num="284" count="11" type="stmt"/>
        <line num="310" count="11" type="stmt"/>
        <line num="360" count="11" type="stmt"/>
        <line num="362" count="11" type="stmt"/>
        <line num="363" count="11" type="cond" truecount="1" falsecount="1"/>
        <line num="364" count="0" type="stmt"/>
        <line num="369" count="0" type="cond" truecount="0" falsecount="2"/>
        <line num="370" count="0" type="stmt"/>
        <line num="373" count="0" type="stmt"/>
        <line num="374" count="0" type="stmt"/>
        <line num="377" count="11" type="stmt"/>
        <line num="378" count="11" type="stmt"/>
        <line num="379" count="11" type="stmt"/>
        <line num="380" count="11" type="stmt"/>
        <line num="383" count="11" type="stmt"/>
        <line num="385" count="11" type="stmt"/>
        <line num="390" count="11" type="stmt"/>
        <line num="391" count="11" type="stmt"/>
        <line num="392" count="11" type="stmt"/>
        <line num="395" count="11" type="stmt"/>
        <line num="396" count="11" type="stmt"/>
        <line num="398" count="11" type="stmt"/>
        <line num="399" count="11" type="stmt"/>
      </file>
    </package>
    <package name="src.generated.prisma.runtime">
      <metrics statements="50" coveredstatements="29" conditionals="3992" coveredconditionals="660" methods="1383" coveredmethods="338"/>
      <file name="library.js" path="C:\Users\jgono\Documents\Parroquia\parroquia_zu\src\generated\prisma\runtime\library.js">
        <metrics statements="50" coveredstatements="29" conditionals="3992" coveredconditionals="660" methods="1383" coveredmethods="338"/>
        <line num="4" count="10535" type="cond" truecount="71" falsecount="105"/>
        <line num="5" count="110" type="cond" truecount="3" falsecount="1"/>
        <line num="6" count="569" type="cond" truecount="58" falsecount="132"/>
        <line num="7" count="88" type="cond" truecount="8" falsecount="182"/>
        <line num="8" count="33" type="cond" truecount="5" falsecount="34"/>
        <line num="9" count="11" type="cond" truecount="41" falsecount="147"/>
        <line num="12" count="11" type="cond" truecount="1" falsecount="10"/>
        <line num="14" count="0" type="cond" truecount="0" falsecount="6"/>
        <line num="15" count="110" type="cond" truecount="11" falsecount="21"/>
        <line num="16" count="11" type="cond" truecount="2" falsecount="12"/>
        <line num="18" count="0" type="stmt"/>
        <line num="22" count="0" type="cond" truecount="0" falsecount="4"/>
        <line num="24" count="3212" type="cond" truecount="114" falsecount="1241"/>
        <line num="25" count="0" type="stmt"/>
        <line num="26" count="0" type="stmt"/>
        <line num="27" count="0" type="stmt"/>
        <line num="28" count="11" type="cond" truecount="0" falsecount="40"/>
        <line num="29" count="11" type="cond" truecount="0" falsecount="39"/>
        <line num="30" count="11" type="cond" truecount="0" falsecount="75"/>
        <line num="31" count="127" type="cond" truecount="1" falsecount="137"/>
        <line num="32" count="897" type="cond" truecount="98" falsecount="204"/>
        <line num="33" count="11" type="stmt"/>
        <line num="34" count="838" type="cond" truecount="34" falsecount="233"/>
        <line num="36" count="11" type="cond" truecount="3" falsecount="11"/>
        <line num="38" count="0" type="stmt"/>
        <line num="39" count="0" type="stmt"/>
        <line num="40" count="0" type="stmt"/>
        <line num="45" count="0" type="stmt"/>
        <line num="46" count="0" type="cond" truecount="0" falsecount="2"/>
        <line num="48" count="0" type="stmt"/>
        <line num="55" count="0" type="stmt"/>
        <line num="60" count="0" type="stmt"/>
        <line num="67" count="11" type="cond" truecount="10" falsecount="21"/>
        <line num="68" count="0" type="stmt"/>
        <line num="69" count="11" type="cond" truecount="0" falsecount="7"/>
        <line num="72" count="0" type="stmt"/>
        <line num="104" count="0" type="stmt"/>
        <line num="113" count="11" type="cond" truecount="9" falsecount="118"/>
        <line num="114" count="139" type="cond" truecount="24" falsecount="135"/>
        <line num="115" count="129" type="cond" truecount="20" falsecount="36"/>
        <line num="116" count="18" type="cond" truecount="7" falsecount="22"/>
        <line num="117" count="11" type="cond" truecount="15" falsecount="62"/>
        <line num="124" count="885" type="cond" truecount="55" falsecount="92"/>
        <line num="125" count="11" type="cond" truecount="0" falsecount="14"/>
        <line num="126" count="0" type="cond" truecount="0" falsecount="6"/>
        <line num="127" count="0" type="cond" truecount="0" falsecount="2"/>
        <line num="128" count="0" type="cond" truecount="0" falsecount="16"/>
        <line num="129" count="0" type="cond" truecount="0" falsecount="78"/>
        <line num="133" count="136" type="cond" truecount="67" falsecount="74"/>
        <line num="134" count="11" type="cond" truecount="3" falsecount="9"/>
      </file>
    </package>
    <package name="src.presentation">
      <metrics statements="14" coveredstatements="14" conditionals="4" coveredconditionals="3" methods="5" coveredmethods="5"/>
      <file name="Server.ts" path="C:\Users\jgono\Documents\Parroquia\parroquia_zu\src\presentation\Server.ts">
        <metrics statements="14" coveredstatements="14" conditionals="4" coveredconditionals="3" methods="5" coveredmethods="5"/>
        <line num="1" count="10" type="stmt"/>
        <line num="9" count="10" type="stmt"/>
        <line num="10" count="10" type="stmt"/>
        <line num="17" count="10" type="stmt"/>
        <line num="18" count="10" type="stmt"/>
        <line num="19" count="10" type="stmt"/>
        <line num="22" count="10" type="stmt"/>
        <line num="24" count="10" type="stmt"/>
        <line num="25" count="10" type="stmt"/>
        <line num="27" count="10" type="stmt"/>
        <line num="29" count="10" type="stmt"/>
        <line num="31" count="10" type="stmt"/>
        <line num="32" count="10" type="stmt"/>
        <line num="37" count="10" type="cond" truecount="3" falsecount="1"/>
      </file>
    </package>
    <package name="src.presentation.features.auth">
      <metrics statements="31" coveredstatements="18" conditionals="6" coveredconditionals="0" methods="11" coveredmethods="2"/>
      <file name="controller.ts" path="C:\Users\jgono\Documents\Parroquia\parroquia_zu\src\presentation\features\auth\controller.ts">
        <metrics statements="20" coveredstatements="7" conditionals="6" coveredconditionals="0" methods="10" coveredmethods="1"/>
        <line num="4" count="11" type="stmt"/>
        <line num="5" count="11" type="stmt"/>
        <line num="9" count="11" type="stmt"/>
        <line num="10" count="11" type="stmt"/>
        <line num="12" count="11" type="stmt"/>
        <line num="13" count="0" type="cond" truecount="0" falsecount="2"/>
        <line num="14" count="0" type="stmt"/>
        <line num="16" count="0" type="stmt"/>
        <line num="19" count="11" type="stmt"/>
        <line num="20" count="0" type="stmt"/>
        <line num="22" count="0" type="cond" truecount="0" falsecount="2"/>
        <line num="24" count="0" type="stmt"/>
        <line num="26" count="0" type="stmt"/>
        <line num="27" count="0" type="stmt"/>
        <line num="30" count="11" type="stmt"/>
        <line num="31" count="0" type="stmt"/>
        <line num="33" count="0" type="cond" truecount="0" falsecount="2"/>
        <line num="35" count="0" type="stmt"/>
        <line num="36" count="0" type="stmt"/>
        <line num="37" count="0" type="stmt"/>
      </file>
      <file name="routes.ts" path="C:\Users\jgono\Documents\Parroquia\parroquia_zu\src\presentation\features\auth\routes.ts">
        <metrics statements="11" coveredstatements="11" conditionals="0" coveredconditionals="0" methods="1" coveredmethods="1"/>
        <line num="2" count="11" type="stmt"/>
        <line num="3" count="11" type="stmt"/>
        <line num="4" count="11" type="stmt"/>
        <line num="5" count="11" type="stmt"/>
        <line num="7" count="11" type="stmt"/>
        <line num="9" count="11" type="stmt"/>
        <line num="10" count="11" type="stmt"/>
        <line num="11" count="11" type="stmt"/>
        <line num="13" count="11" type="stmt"/>
        <line num="14" count="11" type="stmt"/>
        <line num="16" count="11" type="stmt"/>
      </file>
    </package>
    <package name="src.presentation.features.community">
      <metrics statements="52" coveredstatements="46" conditionals="12" coveredconditionals="6" methods="22" coveredmethods="17"/>
      <file name="controller.ts" path="C:\Users\jgono\Documents\Parroquia\parroquia_zu\src\presentation\features\community\controller.ts">
        <metrics statements="35" coveredstatements="29" conditionals="12" coveredconditionals="6" methods="21" coveredmethods="16"/>
        <line num="5" count="11" type="stmt"/>
        <line num="6" count="11" type="stmt"/>
        <line num="8" count="11" type="stmt"/>
        <line num="9" count="11" type="stmt"/>
        <line num="12" count="11" type="stmt"/>
        <line num="13" count="1" type="cond" truecount="2" falsecount="0"/>
        <line num="14" count="1" type="stmt"/>
        <line num="16" count="1" type="cond" truecount="1" falsecount="1"/>
        <line num="18" count="1" type="stmt"/>
        <line num="19" count="1" type="stmt"/>
        <line num="20" count="0" type="stmt"/>
        <line num="23" count="11" type="stmt"/>
        <line num="24" count="2" type="stmt"/>
        <line num="26" count="2" type="cond" truecount="1" falsecount="1"/>
        <line num="28" count="2" type="stmt"/>
        <line num="29" count="1" type="stmt"/>
        <line num="30" count="1" type="stmt"/>
        <line num="34" count="11" type="stmt"/>
        <line num="35" count="2" type="stmt"/>
        <line num="37" count="2" type="cond" truecount="1" falsecount="1"/>
        <line num="39" count="2" type="stmt"/>
        <line num="40" count="1" type="stmt"/>
        <line num="41" count="1" type="stmt"/>
        <line num="45" count="11" type="stmt"/>
        <line num="46" count="0" type="stmt"/>
        <line num="48" count="0" type="cond" truecount="0" falsecount="2"/>
        <line num="50" count="0" type="stmt"/>
        <line num="51" count="0" type="stmt"/>
        <line num="52" count="0" type="stmt"/>
        <line num="56" count="11" type="stmt"/>
        <line num="57" count="2" type="stmt"/>
        <line num="59" count="2" type="cond" truecount="1" falsecount="1"/>
        <line num="61" count="2" type="stmt"/>
        <line num="62" count="1" type="stmt"/>
        <line num="63" count="1" type="stmt"/>
      </file>
      <file name="routes.ts" path="C:\Users\jgono\Documents\Parroquia\parroquia_zu\src\presentation\features\community\routes.ts">
        <metrics statements="17" coveredstatements="17" conditionals="0" coveredconditionals="0" methods="1" coveredmethods="1"/>
        <line num="2" count="11" type="stmt"/>
        <line num="3" count="11" type="stmt"/>
        <line num="4" count="11" type="stmt"/>
        <line num="5" count="11" type="stmt"/>
        <line num="6" count="11" type="stmt"/>
        <line num="7" count="11" type="stmt"/>
        <line num="8" count="11" type="stmt"/>
        <line num="10" count="11" type="stmt"/>
        <line num="12" count="11" type="stmt"/>
        <line num="13" count="11" type="stmt"/>
        <line num="14" count="11" type="stmt"/>
        <line num="16" count="11" type="stmt"/>
        <line num="17" count="11" type="stmt"/>
        <line num="18" count="11" type="stmt"/>
        <line num="41" count="11" type="stmt"/>
        <line num="69" count="11" type="stmt"/>
        <line num="71" count="11" type="stmt"/>
      </file>
    </package>
    <package name="src.presentation.features.event">
      <metrics statements="58" coveredstatements="57" conditionals="12" coveredconditionals="8" methods="12" coveredmethods="12"/>
      <file name="controller.ts" path="C:\Users\jgono\Documents\Parroquia\parroquia_zu\src\presentation\features\event\controller.ts">
        <metrics statements="41" coveredstatements="40" conditionals="12" coveredconditionals="8" methods="11" coveredmethods="11"/>
        <line num="5" count="11" type="stmt"/>
        <line num="6" count="11" type="stmt"/>
        <line num="7" count="11" type="stmt"/>
        <line num="10" count="11" type="stmt"/>
        <line num="11" count="11" type="stmt"/>
        <line num="14" count="11" type="stmt"/>
        <line num="15" count="1" type="cond" truecount="2" falsecount="0"/>
        <line num="17" count="1" type="stmt"/>
        <line num="18" count="1" type="cond" truecount="1" falsecount="1"/>
        <line num="20" count="1" type="stmt"/>
        <line num="21" count="1" type="stmt"/>
        <line num="22" count="1" type="stmt"/>
        <line num="24" count="0" type="stmt"/>
        <line num="29" count="11" type="stmt"/>
        <line num="30" count="2" type="stmt"/>
        <line num="32" count="2" type="cond" truecount="1" falsecount="1"/>
        <line num="34" count="2" type="stmt"/>
        <line num="35" count="2" type="stmt"/>
        <line num="36" count="1" type="stmt"/>
        <line num="38" count="1" type="stmt"/>
        <line num="43" count="11" type="stmt"/>
        <line num="44" count="5" type="stmt"/>
        <line num="45" count="5" type="cond" truecount="2" falsecount="0"/>
        <line num="47" count="4" type="stmt"/>
        <line num="48" count="4" type="stmt"/>
        <line num="49" count="1" type="stmt"/>
        <line num="51" count="3" type="stmt"/>
        <line num="56" count="11" type="stmt"/>
        <line num="57" count="2" type="stmt"/>
        <line num="58" count="2" type="cond" truecount="1" falsecount="1"/>
        <line num="60" count="2" type="stmt"/>
        <line num="61" count="2" type="stmt"/>
        <line num="62" count="1" type="stmt"/>
        <line num="64" count="1" type="stmt"/>
        <line num="69" count="11" type="stmt"/>
        <line num="70" count="2" type="stmt"/>
        <line num="72" count="2" type="cond" truecount="1" falsecount="1"/>
        <line num="74" count="2" type="stmt"/>
        <line num="75" count="2" type="stmt"/>
        <line num="76" count="1" type="stmt"/>
        <line num="78" count="1" type="stmt"/>
      </file>
      <file name="route.ts" path="C:\Users\jgono\Documents\Parroquia\parroquia_zu\src\presentation\features\event\route.ts">
        <metrics statements="17" coveredstatements="17" conditionals="0" coveredconditionals="0" methods="1" coveredmethods="1"/>
        <line num="2" count="11" type="stmt"/>
        <line num="3" count="11" type="stmt"/>
        <line num="4" count="11" type="stmt"/>
        <line num="5" count="11" type="stmt"/>
        <line num="6" count="11" type="stmt"/>
        <line num="7" count="11" type="stmt"/>
        <line num="8" count="11" type="stmt"/>
        <line num="10" count="11" type="stmt"/>
        <line num="12" count="11" type="stmt"/>
        <line num="13" count="11" type="stmt"/>
        <line num="14" count="11" type="stmt"/>
        <line num="17" count="11" type="stmt"/>
        <line num="20" count="11" type="stmt"/>
        <line num="32" count="11" type="stmt"/>
        <line num="71" count="11" type="stmt"/>
        <line num="114" count="11" type="stmt"/>
        <line num="125" count="11" type="stmt"/>
      </file>
    </package>
    <package name="src.presentation.features.eventType">
      <metrics statements="58" coveredstatements="57" conditionals="12" coveredconditionals="7" methods="12" coveredmethods="12"/>
      <file name="controller.ts" path="C:\Users\jgono\Documents\Parroquia\parroquia_zu\src\presentation\features\eventType\controller.ts">
        <metrics statements="41" coveredstatements="40" conditionals="12" coveredconditionals="7" methods="11" coveredmethods="11"/>
        <line num="5" count="11" type="stmt"/>
        <line num="6" count="11" type="stmt"/>
        <line num="7" count="11" type="stmt"/>
        <line num="11" count="11" type="stmt"/>
        <line num="12" count="11" type="stmt"/>
        <line num="15" count="11" type="stmt"/>
        <line num="16" count="1" type="cond" truecount="2" falsecount="0"/>
        <line num="18" count="1" type="stmt"/>
        <line num="19" count="1" type="cond" truecount="1" falsecount="1"/>
        <line num="21" count="1" type="stmt"/>
        <line num="22" count="1" type="stmt"/>
        <line num="23" count="1" type="stmt"/>
        <line num="25" count="0" type="stmt"/>
        <line num="30" count="11" type="stmt"/>
        <line num="31" count="2" type="stmt"/>
        <line num="33" count="2" type="cond" truecount="1" falsecount="1"/>
        <line num="35" count="2" type="stmt"/>
        <line num="36" count="2" type="stmt"/>
        <line num="37" count="1" type="stmt"/>
        <line num="39" count="1" type="stmt"/>
        <line num="44" count="11" type="stmt"/>
        <line num="45" count="2" type="stmt"/>
        <line num="46" count="2" type="cond" truecount="1" falsecount="1"/>
        <line num="48" count="2" type="stmt"/>
        <line num="49" count="2" type="stmt"/>
        <line num="50" count="1" type="stmt"/>
        <line num="52" count="1" type="stmt"/>
        <line num="57" count="11" type="stmt"/>
        <line num="58" count="2" type="stmt"/>
        <line num="59" count="2" type="cond" truecount="1" falsecount="1"/>
        <line num="61" count="2" type="stmt"/>
        <line num="62" count="2" type="stmt"/>
        <line num="63" count="1" type="stmt"/>
        <line num="65" count="1" type="stmt"/>
        <line num="70" count="11" type="stmt"/>
        <line num="71" count="2" type="stmt"/>
        <line num="73" count="2" type="cond" truecount="1" falsecount="1"/>
        <line num="75" count="2" type="stmt"/>
        <line num="76" count="2" type="stmt"/>
        <line num="77" count="1" type="stmt"/>
        <line num="79" count="1" type="stmt"/>
      </file>
      <file name="routes.ts" path="C:\Users\jgono\Documents\Parroquia\parroquia_zu\src\presentation\features\eventType\routes.ts">
        <metrics statements="17" coveredstatements="17" conditionals="0" coveredconditionals="0" methods="1" coveredmethods="1"/>
        <line num="2" count="11" type="stmt"/>
        <line num="3" count="11" type="stmt"/>
        <line num="4" count="11" type="stmt"/>
        <line num="5" count="11" type="stmt"/>
        <line num="6" count="11" type="stmt"/>
        <line num="7" count="11" type="stmt"/>
        <line num="8" count="11" type="stmt"/>
        <line num="11" count="11" type="stmt"/>
        <line num="14" count="11" type="stmt"/>
        <line num="15" count="11" type="stmt"/>
        <line num="16" count="11" type="stmt"/>
        <line num="19" count="11" type="stmt"/>
        <line num="22" count="11" type="stmt"/>
        <line num="34" count="11" type="stmt"/>
        <line num="47" count="11" type="stmt"/>
        <line num="65" count="11" type="stmt"/>
        <line num="76" count="11" type="stmt"/>
      </file>
    </package>
    <package name="src.presentation.features.intentionalType">
      <metrics statements="58" coveredstatements="57" conditionals="12" coveredconditionals="7" methods="12" coveredmethods="12"/>
      <file name="controller.ts" path="C:\Users\jgono\Documents\Parroquia\parroquia_zu\src\presentation\features\intentionalType\controller.ts">
        <metrics statements="41" coveredstatements="40" conditionals="12" coveredconditionals="7" methods="11" coveredmethods="11"/>
        <line num="5" count="11" type="stmt"/>
        <line num="6" count="11" type="stmt"/>
        <line num="7" count="11" type="stmt"/>
        <line num="11" count="11" type="stmt"/>
        <line num="12" count="11" type="stmt"/>
        <line num="15" count="11" type="stmt"/>
        <line num="16" count="1" type="cond" truecount="2" falsecount="0"/>
        <line num="18" count="1" type="stmt"/>
        <line num="19" count="1" type="cond" truecount="1" falsecount="1"/>
        <line num="21" count="1" type="stmt"/>
        <line num="22" count="1" type="stmt"/>
        <line num="23" count="1" type="stmt"/>
        <line num="25" count="0" type="stmt"/>
        <line num="30" count="11" type="stmt"/>
        <line num="31" count="2" type="stmt"/>
        <line num="33" count="2" type="cond" truecount="1" falsecount="1"/>
        <line num="35" count="2" type="stmt"/>
        <line num="36" count="2" type="stmt"/>
        <line num="37" count="1" type="stmt"/>
        <line num="39" count="1" type="stmt"/>
        <line num="44" count="11" type="stmt"/>
        <line num="45" count="2" type="stmt"/>
        <line num="46" count="2" type="cond" truecount="1" falsecount="1"/>
        <line num="48" count="2" type="stmt"/>
        <line num="49" count="2" type="stmt"/>
        <line num="50" count="1" type="stmt"/>
        <line num="52" count="1" type="stmt"/>
        <line num="57" count="11" type="stmt"/>
        <line num="58" count="2" type="stmt"/>
        <line num="59" count="2" type="cond" truecount="1" falsecount="1"/>
        <line num="61" count="2" type="stmt"/>
        <line num="62" count="2" type="stmt"/>
        <line num="63" count="1" type="stmt"/>
        <line num="65" count="1" type="stmt"/>
        <line num="70" count="11" type="stmt"/>
        <line num="71" count="2" type="stmt"/>
        <line num="73" count="2" type="cond" truecount="1" falsecount="1"/>
        <line num="75" count="2" type="stmt"/>
        <line num="76" count="2" type="stmt"/>
        <line num="77" count="1" type="stmt"/>
        <line num="79" count="1" type="stmt"/>
      </file>
      <file name="routes.ts" path="C:\Users\jgono\Documents\Parroquia\parroquia_zu\src\presentation\features\intentionalType\routes.ts">
        <metrics statements="17" coveredstatements="17" conditionals="0" coveredconditionals="0" methods="1" coveredmethods="1"/>
        <line num="2" count="11" type="stmt"/>
        <line num="3" count="11" type="stmt"/>
        <line num="4" count="11" type="stmt"/>
        <line num="5" count="11" type="stmt"/>
        <line num="6" count="11" type="stmt"/>
        <line num="7" count="11" type="stmt"/>
        <line num="8" count="11" type="stmt"/>
        <line num="10" count="11" type="stmt"/>
        <line num="12" count="11" type="stmt"/>
        <line num="13" count="11" type="stmt"/>
        <line num="14" count="11" type="stmt"/>
        <line num="17" count="11" type="stmt"/>
        <line num="20" count="11" type="stmt"/>
        <line num="32" count="11" type="stmt"/>
        <line num="45" count="11" type="stmt"/>
        <line num="62" count="11" type="stmt"/>
        <line num="73" count="11" type="stmt"/>
      </file>
    </package>
    <package name="src.presentation.features.ministry">
      <metrics statements="58" coveredstatements="57" conditionals="12" coveredconditionals="7" methods="12" coveredmethods="12"/>
      <file name="controller.ts" path="C:\Users\jgono\Documents\Parroquia\parroquia_zu\src\presentation\features\ministry\controller.ts">
        <metrics statements="41" coveredstatements="40" conditionals="12" coveredconditionals="7" methods="11" coveredmethods="11"/>
        <line num="5" count="11" type="stmt"/>
        <line num="6" count="11" type="stmt"/>
        <line num="7" count="11" type="stmt"/>
        <line num="11" count="11" type="stmt"/>
        <line num="12" count="11" type="stmt"/>
        <line num="15" count="11" type="stmt"/>
        <line num="16" count="1" type="cond" truecount="2" falsecount="0"/>
        <line num="18" count="1" type="stmt"/>
        <line num="19" count="1" type="cond" truecount="1" falsecount="1"/>
        <line num="21" count="1" type="stmt"/>
        <line num="22" count="1" type="stmt"/>
        <line num="23" count="1" type="stmt"/>
        <line num="25" count="0" type="stmt"/>
        <line num="30" count="11" type="stmt"/>
        <line num="31" count="2" type="stmt"/>
        <line num="33" count="2" type="cond" truecount="1" falsecount="1"/>
        <line num="35" count="2" type="stmt"/>
        <line num="36" count="2" type="stmt"/>
        <line num="37" count="1" type="stmt"/>
        <line num="39" count="1" type="stmt"/>
        <line num="44" count="11" type="stmt"/>
        <line num="45" count="2" type="stmt"/>
        <line num="46" count="2" type="cond" truecount="1" falsecount="1"/>
        <line num="48" count="2" type="stmt"/>
        <line num="49" count="2" type="stmt"/>
        <line num="50" count="1" type="stmt"/>
        <line num="52" count="1" type="stmt"/>
        <line num="57" count="11" type="stmt"/>
        <line num="58" count="2" type="stmt"/>
        <line num="59" count="2" type="cond" truecount="1" falsecount="1"/>
        <line num="61" count="2" type="stmt"/>
        <line num="62" count="2" type="stmt"/>
        <line num="63" count="1" type="stmt"/>
        <line num="65" count="1" type="stmt"/>
        <line num="70" count="11" type="stmt"/>
        <line num="71" count="2" type="stmt"/>
        <line num="73" count="2" type="cond" truecount="1" falsecount="1"/>
        <line num="75" count="2" type="stmt"/>
        <line num="76" count="2" type="stmt"/>
        <line num="77" count="1" type="stmt"/>
        <line num="79" count="1" type="stmt"/>
      </file>
      <file name="routes.ts" path="C:\Users\jgono\Documents\Parroquia\parroquia_zu\src\presentation\features\ministry\routes.ts">
        <metrics statements="17" coveredstatements="17" conditionals="0" coveredconditionals="0" methods="1" coveredmethods="1"/>
        <line num="2" count="11" type="stmt"/>
        <line num="3" count="11" type="stmt"/>
        <line num="4" count="11" type="stmt"/>
        <line num="5" count="11" type="stmt"/>
        <line num="6" count="11" type="stmt"/>
        <line num="7" count="11" type="stmt"/>
        <line num="8" count="11" type="stmt"/>
        <line num="10" count="11" type="stmt"/>
        <line num="12" count="11" type="stmt"/>
        <line num="13" count="11" type="stmt"/>
        <line num="14" count="11" type="stmt"/>
        <line num="17" count="11" type="stmt"/>
        <line num="20" count="11" type="stmt"/>
        <line num="32" count="11" type="stmt"/>
        <line num="49" count="11" type="stmt"/>
        <line num="70" count="11" type="stmt"/>
        <line num="81" count="11" type="stmt"/>
      </file>
    </package>
    <package name="src.presentation.features.parishStaff">
      <metrics statements="58" coveredstatements="51" conditionals="12" coveredconditionals="4" methods="12" coveredmethods="10"/>
      <file name="controller.ts" path="C:\Users\jgono\Documents\Parroquia\parroquia_zu\src\presentation\features\parishStaff\controller.ts">
        <metrics statements="41" coveredstatements="34" conditionals="12" coveredconditionals="4" methods="11" coveredmethods="9"/>
        <line num="5" count="11" type="stmt"/>
        <line num="6" count="11" type="stmt"/>
        <line num="7" count="11" type="stmt"/>
        <line num="10" count="11" type="stmt"/>
        <line num="11" count="11" type="stmt"/>
        <line num="14" count="11" type="stmt"/>
        <line num="15" count="0" type="cond" truecount="0" falsecount="2"/>
        <line num="17" count="0" type="stmt"/>
        <line num="18" count="0" type="cond" truecount="0" falsecount="2"/>
        <line num="20" count="0" type="stmt"/>
        <line num="21" count="0" type="stmt"/>
        <line num="22" count="0" type="stmt"/>
        <line num="24" count="0" type="stmt"/>
        <line num="29" count="11" type="stmt"/>
        <line num="30" count="2" type="stmt"/>
        <line num="32" count="2" type="cond" truecount="1" falsecount="1"/>
        <line num="34" count="2" type="stmt"/>
        <line num="35" count="2" type="stmt"/>
        <line num="36" count="1" type="stmt"/>
        <line num="38" count="1" type="stmt"/>
        <line num="43" count="11" type="stmt"/>
        <line num="44" count="3" type="stmt"/>
        <line num="45" count="3" type="cond" truecount="1" falsecount="1"/>
        <line num="47" count="3" type="stmt"/>
        <line num="48" count="3" type="stmt"/>
        <line num="49" count="1" type="stmt"/>
        <line num="51" count="2" type="stmt"/>
        <line num="56" count="11" type="stmt"/>
        <line num="57" count="2" type="stmt"/>
        <line num="58" count="2" type="cond" truecount="1" falsecount="1"/>
        <line num="60" count="2" type="stmt"/>
        <line num="61" count="2" type="stmt"/>
        <line num="62" count="1" type="stmt"/>
        <line num="64" count="1" type="stmt"/>
        <line num="69" count="11" type="stmt"/>
        <line num="70" count="2" type="stmt"/>
        <line num="72" count="2" type="cond" truecount="1" falsecount="1"/>
        <line num="74" count="2" type="stmt"/>
        <line num="75" count="2" type="stmt"/>
        <line num="76" count="1" type="stmt"/>
        <line num="78" count="1" type="stmt"/>
      </file>
      <file name="routes.ts" path="C:\Users\jgono\Documents\Parroquia\parroquia_zu\src\presentation\features\parishStaff\routes.ts">
        <metrics statements="17" coveredstatements="17" conditionals="0" coveredconditionals="0" methods="1" coveredmethods="1"/>
        <line num="2" count="11" type="stmt"/>
        <line num="3" count="11" type="stmt"/>
        <line num="4" count="11" type="stmt"/>
        <line num="5" count="11" type="stmt"/>
        <line num="6" count="11" type="stmt"/>
        <line num="7" count="11" type="stmt"/>
        <line num="8" count="11" type="stmt"/>
        <line num="10" count="11" type="stmt"/>
        <line num="12" count="11" type="stmt"/>
        <line num="13" count="11" type="stmt"/>
        <line num="14" count="11" type="stmt"/>
        <line num="17" count="11" type="stmt"/>
        <line num="20" count="11" type="stmt"/>
        <line num="32" count="11" type="stmt"/>
        <line num="56" count="11" type="stmt"/>
        <line num="79" count="11" type="stmt"/>
        <line num="90" count="11" type="stmt"/>
      </file>
    </package>
    <package name="src.presentation.features.roleMinistry">
      <metrics statements="58" coveredstatements="57" conditionals="12" coveredconditionals="7" methods="12" coveredmethods="12"/>
      <file name="controller.ts" path="C:\Users\jgono\Documents\Parroquia\parroquia_zu\src\presentation\features\roleMinistry\controller.ts">
        <metrics statements="41" coveredstatements="40" conditionals="12" coveredconditionals="7" methods="11" coveredmethods="11"/>
        <line num="5" count="11" type="stmt"/>
        <line num="6" count="11" type="stmt"/>
        <line num="7" count="11" type="stmt"/>
        <line num="10" count="11" type="stmt"/>
        <line num="11" count="11" type="stmt"/>
        <line num="14" count="11" type="stmt"/>
        <line num="15" count="1" type="cond" truecount="2" falsecount="0"/>
        <line num="17" count="1" type="stmt"/>
        <line num="18" count="1" type="cond" truecount="1" falsecount="1"/>
        <line num="20" count="1" type="stmt"/>
        <line num="21" count="1" type="stmt"/>
        <line num="22" count="1" type="stmt"/>
        <line num="24" count="0" type="stmt"/>
        <line num="29" count="11" type="stmt"/>
        <line num="30" count="2" type="stmt"/>
        <line num="32" count="2" type="cond" truecount="1" falsecount="1"/>
        <line num="34" count="2" type="stmt"/>
        <line num="35" count="2" type="stmt"/>
        <line num="36" count="1" type="stmt"/>
        <line num="38" count="1" type="stmt"/>
        <line num="43" count="11" type="stmt"/>
        <line num="44" count="2" type="stmt"/>
        <line num="45" count="2" type="cond" truecount="1" falsecount="1"/>
        <line num="47" count="2" type="stmt"/>
        <line num="48" count="2" type="stmt"/>
        <line num="49" count="1" type="stmt"/>
        <line num="51" count="1" type="stmt"/>
        <line num="56" count="11" type="stmt"/>
        <line num="57" count="2" type="stmt"/>
        <line num="58" count="2" type="cond" truecount="1" falsecount="1"/>
        <line num="60" count="2" type="stmt"/>
        <line num="61" count="2" type="stmt"/>
        <line num="62" count="1" type="stmt"/>
        <line num="64" count="1" type="stmt"/>
        <line num="69" count="11" type="stmt"/>
        <line num="70" count="2" type="stmt"/>
        <line num="72" count="2" type="cond" truecount="1" falsecount="1"/>
        <line num="74" count="2" type="stmt"/>
        <line num="75" count="2" type="stmt"/>
        <line num="76" count="1" type="stmt"/>
        <line num="78" count="1" type="stmt"/>
      </file>
      <file name="route.ts" path="C:\Users\jgono\Documents\Parroquia\parroquia_zu\src\presentation\features\roleMinistry\route.ts">
        <metrics statements="17" coveredstatements="17" conditionals="0" coveredconditionals="0" methods="1" coveredmethods="1"/>
        <line num="2" count="11" type="stmt"/>
        <line num="3" count="11" type="stmt"/>
        <line num="4" count="11" type="stmt"/>
        <line num="5" count="11" type="stmt"/>
        <line num="6" count="11" type="stmt"/>
        <line num="7" count="11" type="stmt"/>
        <line num="8" count="11" type="stmt"/>
        <line num="10" count="11" type="stmt"/>
        <line num="13" count="11" type="stmt"/>
        <line num="14" count="11" type="stmt"/>
        <line num="15" count="11" type="stmt"/>
        <line num="18" count="11" type="stmt"/>
        <line num="20" count="11" type="stmt"/>
        <line num="32" count="11" type="stmt"/>
        <line num="44" count="11" type="stmt"/>
        <line num="61" count="11" type="stmt"/>
        <line num="72" count="11" type="stmt"/>
      </file>
    </package>
    <package name="src.presentation.features.rolePersonal">
      <metrics statements="58" coveredstatements="57" conditionals="12" coveredconditionals="7" methods="12" coveredmethods="12"/>
      <file name="controller.ts" path="C:\Users\jgono\Documents\Parroquia\parroquia_zu\src\presentation\features\rolePersonal\controller.ts">
        <metrics statements="41" coveredstatements="40" conditionals="12" coveredconditionals="7" methods="11" coveredmethods="11"/>
        <line num="4" count="11" type="stmt"/>
        <line num="5" count="11" type="stmt"/>
        <line num="6" count="11" type="stmt"/>
        <line num="9" count="11" type="stmt"/>
        <line num="10" count="11" type="stmt"/>
        <line num="13" count="11" type="stmt"/>
        <line num="14" count="1" type="cond" truecount="2" falsecount="0"/>
        <line num="16" count="1" type="stmt"/>
        <line num="17" count="1" type="cond" truecount="1" falsecount="1"/>
        <line num="19" count="1" type="stmt"/>
        <line num="20" count="1" type="stmt"/>
        <line num="21" count="1" type="stmt"/>
        <line num="23" count="0" type="stmt"/>
        <line num="28" count="11" type="stmt"/>
        <line num="29" count="2" type="stmt"/>
        <line num="31" count="2" type="cond" truecount="1" falsecount="1"/>
        <line num="33" count="2" type="stmt"/>
        <line num="34" count="2" type="stmt"/>
        <line num="35" count="1" type="stmt"/>
        <line num="37" count="1" type="stmt"/>
        <line num="42" count="11" type="stmt"/>
        <line num="43" count="2" type="stmt"/>
        <line num="44" count="2" type="cond" truecount="1" falsecount="1"/>
        <line num="46" count="2" type="stmt"/>
        <line num="47" count="2" type="stmt"/>
        <line num="48" count="1" type="stmt"/>
        <line num="50" count="1" type="stmt"/>
        <line num="55" count="11" type="stmt"/>
        <line num="56" count="2" type="stmt"/>
        <line num="57" count="2" type="cond" truecount="1" falsecount="1"/>
        <line num="59" count="2" type="stmt"/>
        <line num="60" count="2" type="stmt"/>
        <line num="61" count="1" type="stmt"/>
        <line num="63" count="1" type="stmt"/>
        <line num="68" count="11" type="stmt"/>
        <line num="69" count="2" type="stmt"/>
        <line num="71" count="2" type="cond" truecount="1" falsecount="1"/>
        <line num="73" count="2" type="stmt"/>
        <line num="74" count="2" type="stmt"/>
        <line num="75" count="1" type="stmt"/>
        <line num="77" count="1" type="stmt"/>
      </file>
      <file name="routes.ts" path="C:\Users\jgono\Documents\Parroquia\parroquia_zu\src\presentation\features\rolePersonal\routes.ts">
        <metrics statements="17" coveredstatements="17" conditionals="0" coveredconditionals="0" methods="1" coveredmethods="1"/>
        <line num="2" count="11" type="stmt"/>
        <line num="3" count="11" type="stmt"/>
        <line num="4" count="11" type="stmt"/>
        <line num="5" count="11" type="stmt"/>
        <line num="6" count="11" type="stmt"/>
        <line num="7" count="11" type="stmt"/>
        <line num="8" count="11" type="stmt"/>
        <line num="10" count="11" type="stmt"/>
        <line num="12" count="11" type="stmt"/>
        <line num="13" count="11" type="stmt"/>
        <line num="14" count="11" type="stmt"/>
        <line num="17" count="11" type="stmt"/>
        <line num="20" count="11" type="stmt"/>
        <line num="32" count="11" type="stmt"/>
        <line num="49" count="11" type="stmt"/>
        <line num="70" count="11" type="stmt"/>
        <line num="81" count="11" type="stmt"/>
      </file>
    </package>
    <package name="src.presentation.features.serviceGroup">
      <metrics statements="58" coveredstatements="57" conditionals="12" coveredconditionals="7" methods="12" coveredmethods="12"/>
      <file name="controller.ts" path="C:\Users\jgono\Documents\Parroquia\parroquia_zu\src\presentation\features\serviceGroup\controller.ts">
        <metrics statements="41" coveredstatements="40" conditionals="12" coveredconditionals="7" methods="11" coveredmethods="11"/>
        <line num="5" count="11" type="stmt"/>
        <line num="6" count="11" type="stmt"/>
        <line num="7" count="11" type="stmt"/>
        <line num="11" count="11" type="stmt"/>
        <line num="12" count="11" type="stmt"/>
        <line num="15" count="11" type="stmt"/>
        <line num="16" count="1" type="cond" truecount="2" falsecount="0"/>
        <line num="18" count="1" type="stmt"/>
        <line num="19" count="1" type="cond" truecount="1" falsecount="1"/>
        <line num="21" count="1" type="stmt"/>
        <line num="22" count="1" type="stmt"/>
        <line num="23" count="1" type="stmt"/>
        <line num="25" count="0" type="stmt"/>
        <line num="30" count="11" type="stmt"/>
        <line num="31" count="2" type="stmt"/>
        <line num="33" count="2" type="cond" truecount="1" falsecount="1"/>
        <line num="35" count="2" type="stmt"/>
        <line num="36" count="2" type="stmt"/>
        <line num="37" count="1" type="stmt"/>
        <line num="39" count="1" type="stmt"/>
        <line num="44" count="11" type="stmt"/>
        <line num="45" count="2" type="stmt"/>
        <line num="46" count="2" type="cond" truecount="1" falsecount="1"/>
        <line num="48" count="2" type="stmt"/>
        <line num="49" count="2" type="stmt"/>
        <line num="50" count="1" type="stmt"/>
        <line num="52" count="1" type="stmt"/>
        <line num="57" count="11" type="stmt"/>
        <line num="58" count="2" type="stmt"/>
        <line num="59" count="2" type="cond" truecount="1" falsecount="1"/>
        <line num="61" count="2" type="stmt"/>
        <line num="62" count="2" type="stmt"/>
        <line num="63" count="1" type="stmt"/>
        <line num="65" count="1" type="stmt"/>
[...]
        <line num="72" count="1" type="stmt"/>
        <line num="86" count="1" type="stmt"/>
        <line num="88" count="0" type="stmt"/>
        <line num="96" count="2" type="stmt"/>
        <line num="97" count="1" type="cond" truecount="1" falsecount="1"/>
        <line num="98" count="0" type="stmt"/>
        <line num="102" count="1" type="cond" truecount="1" falsecount="1"/>
        <line num="103" count="0" type="stmt"/>
        <line num="104" count="0" type="cond" truecount="0" falsecount="2"/>
        <line num="105" count="0" type="stmt"/>
        <line num="109" count="1" type="cond" truecount="1" falsecount="1"/>
        <line num="110" count="0" type="stmt"/>
        <line num="111" count="0" type="cond" truecount="0" falsecount="2"/>
        <line num="112" count="0" type="stmt"/>
        <line num="116" count="1" type="cond" truecount="1" falsecount="1"/>
        <line num="117" count="0" type="stmt"/>
        <line num="118" count="0" type="cond" truecount="0" falsecount="2"/>
        <line num="119" count="0" type="stmt"/>
        <line num="123" count="1" type="stmt"/>
        <line num="124" count="1" type="stmt"/>
        <line num="128" count="1" type="stmt"/>
        <line num="130" count="0" type="stmt"/>
        <line num="136" count="2" type="stmt"/>
        <line num="137" count="1" type="cond" truecount="1" falsecount="1"/>
        <line num="138" count="0" type="stmt"/>
        <line num="140" count="1" type="stmt"/>
        <line num="141" count="1" type="stmt"/>
        <line num="144" count="1" type="stmt"/>
        <line num="146" count="0" type="stmt"/>
      </file>
      <file name="eventType.service.ts" path="C:\Users\jgono\Documents\Parroquia\parroquia_zu\src\presentation\services\eventType.service.ts">
        <metrics statements="35" coveredstatements="29" conditionals="16" coveredconditionals="11" methods="6" coveredmethods="6"/>
        <line num="5" count="11" type="stmt"/>
        <line num="6" count="11" type="stmt"/>
        <line num="11" count="11" type="stmt"/>
        <line num="14" count="2" type="stmt"/>
        <line num="17" count="2" type="stmt"/>
        <line num="22" count="6" type="stmt"/>
        <line num="25" count="6" type="cond" truecount="2" falsecount="0"/>
        <line num="26" count="3" type="stmt"/>
        <line num="28" count="3" type="stmt"/>
        <line num="35" count="1" type="stmt"/>
        <line num="37" count="1" type="stmt"/>
        <line num="38" count="1" type="stmt"/>
        <line num="46" count="1" type="stmt"/>
        <line num="55" count="0" type="stmt"/>
        <line num="63" count="2" type="stmt"/>
        <line num="64" count="2" type="cond" truecount="2" falsecount="0"/>
        <line num="65" count="1" type="stmt"/>
        <line num="67" count="1" type="stmt"/>
        <line num="68" count="1" type="stmt"/>
        <line num="74" count="1" type="stmt"/>
        <line num="76" count="0" type="stmt"/>
        <line num="84" count="2" type="stmt"/>
        <line num="85" count="1" type="cond" truecount="1" falsecount="1"/>
        <line num="86" count="0" type="stmt"/>
        <line num="89" count="1" type="stmt"/>
        <line num="90" count="1" type="stmt"/>
        <line num="94" count="1" type="stmt"/>
        <line num="96" count="0" type="stmt"/>
        <line num="102" count="2" type="stmt"/>
        <line num="103" count="1" type="cond" truecount="1" falsecount="1"/>
        <line num="104" count="0" type="stmt"/>
        <line num="106" count="1" type="stmt"/>
        <line num="107" count="1" type="stmt"/>
        <line num="110" count="1" type="stmt"/>
        <line num="112" count="0" type="stmt"/>
      </file>
      <file name="intentionalType.service.ts" path="C:\Users\jgono\Documents\Parroquia\parroquia_zu\src\presentation\services\intentionalType.service.ts">
        <metrics statements="35" coveredstatements="29" conditionals="16" coveredconditionals="11" methods="6" coveredmethods="6"/>
        <line num="4" count="11" type="stmt"/>
        <line num="5" count="11" type="stmt"/>
        <line num="9" count="11" type="stmt"/>
        <line num="12" count="2" type="stmt"/>
        <line num="15" count="2" type="stmt"/>
        <line num="20" count="6" type="stmt"/>
        <line num="23" count="6" type="cond" truecount="2" falsecount="0"/>
        <line num="24" count="3" type="stmt"/>
        <line num="26" count="3" type="stmt"/>
        <line num="33" count="1" type="stmt"/>
        <line num="35" count="1" type="stmt"/>
        <line num="36" count="1" type="stmt"/>
        <line num="44" count="1" type="stmt"/>
        <line num="53" count="0" type="stmt"/>
        <line num="61" count="2" type="stmt"/>
        <line num="62" count="2" type="cond" truecount="2" falsecount="0"/>
        <line num="63" count="1" type="stmt"/>
        <line num="65" count="1" type="stmt"/>
        <line num="66" count="1" type="stmt"/>
        <line num="72" count="1" type="stmt"/>
        <line num="74" count="0" type="stmt"/>
        <line num="82" count="2" type="stmt"/>
        <line num="83" count="1" type="cond" truecount="1" falsecount="1"/>
        <line num="84" count="0" type="stmt"/>
        <line num="87" count="1" type="stmt"/>
        <line num="88" count="1" type="stmt"/>
        <line num="92" count="1" type="stmt"/>
        <line num="94" count="0" type="stmt"/>
        <line num="100" count="2" type="stmt"/>
        <line num="101" count="1" type="cond" truecount="1" falsecount="1"/>
        <line num="102" count="0" type="stmt"/>
        <line num="104" count="1" type="stmt"/>
        <line num="105" count="1" type="stmt"/>
        <line num="108" count="1" type="stmt"/>
        <line num="110" count="0" type="stmt"/>
      </file>
      <file name="ministry.service.ts" path="C:\Users\jgono\Documents\Parroquia\parroquia_zu\src\presentation\services\ministry.service.ts">
        <metrics statements="35" coveredstatements="29" conditionals="20" coveredconditionals="14" methods="6" coveredmethods="6"/>
        <line num="4" count="11" type="stmt"/>
        <line num="5" count="11" type="stmt"/>
        <line num="10" count="11" type="stmt"/>
        <line num="13" count="2" type="stmt"/>
        <line num="16" count="2" type="stmt"/>
        <line num="21" count="6" type="stmt"/>
        <line num="24" count="6" type="cond" truecount="2" falsecount="0"/>
        <line num="25" count="3" type="stmt"/>
        <line num="27" count="3" type="stmt"/>
        <line num="34" count="1" type="stmt"/>
        <line num="36" count="1" type="stmt"/>
        <line num="37" count="1" type="stmt"/>
        <line num="45" count="1" type="stmt"/>
        <line num="54" count="0" type="stmt"/>
        <line num="62" count="2" type="stmt"/>
        <line num="63" count="2" type="cond" truecount="2" falsecount="0"/>
        <line num="64" count="1" type="stmt"/>
        <line num="66" count="1" type="stmt"/>
        <line num="67" count="1" type="stmt"/>
        <line num="74" count="1" type="stmt"/>
        <line num="76" count="0" type="stmt"/>
        <line num="84" count="2" type="stmt"/>
        <line num="85" count="1" type="cond" truecount="1" falsecount="1"/>
        <line num="86" count="0" type="stmt"/>
        <line num="89" count="1" type="stmt"/>
        <line num="90" count="1" type="stmt"/>
        <line num="94" count="1" type="stmt"/>
        <line num="96" count="0" type="stmt"/>
        <line num="102" count="2" type="stmt"/>
        <line num="103" count="1" type="cond" truecount="1" falsecount="1"/>
        <line num="104" count="0" type="stmt"/>
        <line num="106" count="1" type="stmt"/>
        <line num="107" count="1" type="stmt"/>
        <line num="110" count="1" type="stmt"/>
        <line num="112" count="0" type="stmt"/>
      </file>
      <file name="parishStaff.service.ts" path="C:\Users\jgono\Documents\Parroquia\parroquia_zu\src\presentation\services\parishStaff.service.ts">
        <metrics statements="52" coveredstatements="35" conditionals="40" coveredconditionals="21" methods="8" coveredmethods="7"/>
        <line num="6" count="11" type="stmt"/>
        <line num="7" count="11" type="stmt"/>
        <line num="11" count="11" type="stmt"/>
        <line num="14" count="4" type="stmt"/>
        <line num="17" count="4" type="stmt"/>
        <line num="22" count="6" type="stmt"/>
        <line num="32" count="6" type="cond" truecount="2" falsecount="0"/>
        <line num="33" count="3" type="stmt"/>
        <line num="35" count="3" type="stmt"/>
        <line num="42" count="0" type="stmt"/>
        <line num="44" count="0" type="stmt"/>
        <line num="45" count="0" type="stmt"/>
        <line num="53" count="0" type="stmt"/>
        <line num="62" count="0" type="stmt"/>
        <line num="70" count="3" type="cond" truecount="1" falsecount="1"/>
        <line num="71" count="3" type="stmt"/>
        <line num="72" count="3" type="cond" truecount="2" falsecount="0"/>
        <line num="73" count="2" type="stmt"/>
        <line num="77" count="1" type="stmt"/>
        <line num="78" count="1" type="stmt"/>
        <line num="88" count="1" type="cond" truecount="1" falsecount="1"/>
        <line num="90" count="1" type="stmt"/>
        <line num="97" count="1" type="stmt"/>
        <line num="102" count="0" type="stmt"/>
        <line num="109" count="2" type="stmt"/>
        <line num="111" count="1" type="cond" truecount="1" falsecount="1"/>
        <line num="112" count="0" type="stmt"/>
        <line num="116" count="1" type="cond" truecount="1" falsecount="1"/>
        <line num="117" count="1" type="stmt"/>
        <line num="118" count="1" type="cond" truecount="2" falsecount="2"/>
        <line num="119" count="0" type="stmt"/>
        <line num="123" count="1" type="stmt"/>
        <line num="124" count="1" type="stmt"/>
        <line num="126" count="1" type="stmt"/>
        <line num="128" count="1" type="stmt"/>
        <line num="134" count="1" type="cond" truecount="1" falsecount="1"/>
        <line num="135" count="0" type="stmt"/>
        <line num="137" count="0" type="cond" truecount="0" falsecount="2"/>
        <line num="138" count="0" type="stmt"/>
        <line num="141" count="0" type="cond" truecount="0" falsecount="2"/>
        <line num="142" count="0" type="stmt"/>
        <line num="154" count="0" type="stmt"/>
        <line num="163" count="1" type="stmt"/>
        <line num="166" count="1" type="stmt"/>
        <line num="168" count="0" type="stmt"/>
        <line num="174" count="2" type="stmt"/>
        <line num="175" count="1" type="cond" truecount="1" falsecount="1"/>
        <line num="176" count="0" type="stmt"/>
        <line num="178" count="1" type="stmt"/>
        <line num="179" count="1" type="stmt"/>
        <line num="182" count="1" type="stmt"/>
        <line num="184" count="0" type="stmt"/>
      </file>
      <file name="roleMinistery.service.ts" path="C:\Users\jgono\Documents\Parroquia\parroquia_zu\src\presentation\services\roleMinistery.service.ts">
        <metrics statements="35" coveredstatements="29" conditionals="16" coveredconditionals="11" methods="6" coveredmethods="6"/>
        <line num="5" count="11" type="stmt"/>
        <line num="6" count="11" type="stmt"/>
        <line num="10" count="11" type="stmt"/>
        <line num="13" count="2" type="stmt"/>
        <line num="16" count="2" type="stmt"/>
        <line num="21" count="6" type="stmt"/>
        <line num="24" count="6" type="cond" truecount="2" falsecount="0"/>
        <line num="25" count="3" type="stmt"/>
        <line num="27" count="3" type="stmt"/>
        <line num="34" count="1" type="stmt"/>
        <line num="36" count="1" type="stmt"/>
        <line num="37" count="1" type="stmt"/>
        <line num="45" count="1" type="stmt"/>
        <line num="54" count="0" type="stmt"/>
        <line num="62" count="2" type="stmt"/>
        <line num="63" count="2" type="cond" truecount="2" falsecount="0"/>
        <line num="64" count="1" type="stmt"/>
        <line num="66" count="1" type="stmt"/>
        <line num="67" count="1" type="stmt"/>
        <line num="73" count="1" type="stmt"/>
        <line num="75" count="0" type="stmt"/>
        <line num="83" count="2" type="stmt"/>
        <line num="84" count="1" type="cond" truecount="1" falsecount="1"/>
        <line num="85" count="0" type="stmt"/>
        <line num="88" count="1" type="stmt"/>
        <line num="89" count="1" type="stmt"/>
        <line num="93" count="1" type="stmt"/>
        <line num="95" count="0" type="stmt"/>
        <line num="101" count="2" type="stmt"/>
        <line num="102" count="1" type="cond" truecount="1" falsecount="1"/>
        <line num="103" count="0" type="stmt"/>
        <line num="105" count="1" type="stmt"/>
        <line num="106" count="1" type="stmt"/>
        <line num="109" count="1" type="stmt"/>
        <line num="111" count="0" type="stmt"/>
      </file>
      <file name="serviceGroup.service.ts" path="C:\Users\jgono\Documents\Parroquia\parroquia_zu\src\presentation\services\serviceGroup.service.ts">
        <metrics statements="43" coveredstatements="32" conditionals="34" coveredconditionals="17" methods="6" coveredmethods="6"/>
        <line num="5" count="11" type="stmt"/>
        <line num="6" count="11" type="stmt"/>
        <line num="11" count="11" type="stmt"/>
        <line num="14" count="3" type="stmt"/>
        <line num="17" count="3" type="stmt"/>
        <line num="22" count="6" type="stmt"/>
        <line num="25" count="6" type="cond" truecount="2" falsecount="0"/>
        <line num="26" count="3" type="stmt"/>
        <line num="28" count="3" type="stmt"/>
        <line num="35" count="1" type="stmt"/>
        <line num="37" count="1" type="stmt"/>
        <line num="38" count="1" type="stmt"/>
        <line num="46" count="1" type="stmt"/>
        <line num="55" count="0" type="cond" truecount="0" falsecount="2"/>
        <line num="56" count="0" type="stmt"/>
        <line num="64" count="2" type="stmt"/>
        <line num="65" count="2" type="cond" truecount="2" falsecount="0"/>
        <line num="66" count="1" type="stmt"/>
        <line num="69" count="1" type="stmt"/>
        <line num="70" count="1" type="stmt"/>
        <line num="78" count="1" type="stmt"/>
        <line num="80" count="0" type="cond" truecount="0" falsecount="2"/>
        <line num="81" count="0" type="stmt"/>
        <line num="89" count="2" type="stmt"/>
        <line num="91" count="1" type="cond" truecount="1" falsecount="1"/>
        <line num="92" count="0" type="stmt"/>
        <line num="96" count="1" type="cond" truecount="1" falsecount="1"/>
        <line num="97" count="1" type="stmt"/>
        <line num="98" count="1" type="cond" truecount="2" falsecount="2"/>
        <line num="99" count="0" type="stmt"/>
        <line num="103" count="1" type="stmt"/>
        <line num="104" count="1" type="stmt"/>
        <line num="108" count="1" type="stmt"/>
        <line num="110" count="0" type="cond" truecount="0" falsecount="2"/>
        <line num="111" count="0" type="stmt"/>
        <line num="117" count="2" type="stmt"/>
        <line num="118" count="1" type="cond" truecount="1" falsecount="1"/>
        <line num="119" count="0" type="stmt"/>
        <line num="121" count="1" type="stmt"/>
        <line num="122" count="1" type="stmt"/>
        <line num="125" count="1" type="stmt"/>
        <line num="127" count="0" type="cond" truecount="0" falsecount="2"/>
        <line num="128" count="0" type="stmt"/>
      </file>
      <file name="tipoTurno.service.ts" path="C:\Users\jgono\Documents\Parroquia\parroquia_zu\src\presentation\services\tipoTurno.service.ts">
        <metrics statements="35" coveredstatements="29" conditionals="16" coveredconditionals="11" methods="6" coveredmethods="6"/>
        <line num="4" count="11" type="stmt"/>
        <line num="5" count="11" type="stmt"/>
        <line num="8" count="11" type="stmt"/>
        <line num="11" count="2" type="stmt"/>
        <line num="14" count="2" type="stmt"/>
        <line num="19" count="6" type="stmt"/>
        <line num="22" count="6" type="cond" truecount="2" falsecount="0"/>
        <line num="23" count="3" type="stmt"/>
        <line num="25" count="3" type="stmt"/>
        <line num="32" count="1" type="stmt"/>
        <line num="34" count="1" type="stmt"/>
        <line num="35" count="1" type="stmt"/>
        <line num="43" count="1" type="stmt"/>
        <line num="52" count="0" type="stmt"/>
        <line num="60" count="2" type="stmt"/>
        <line num="61" count="2" type="cond" truecount="2" falsecount="0"/>
        <line num="62" count="1" type="stmt"/>
        <line num="64" count="1" type="stmt"/>
        <line num="65" count="1" type="stmt"/>
        <line num="71" count="1" type="stmt"/>
        <line num="73" count="0" type="stmt"/>
        <line num="81" count="2" type="stmt"/>
        <line num="82" count="1" type="cond" truecount="1" falsecount="1"/>
        <line num="83" count="0" type="stmt"/>
        <line num="86" count="1" type="stmt"/>
        <line num="87" count="1" type="stmt"/>
        <line num="91" count="1" type="stmt"/>
        <line num="93" count="0" type="stmt"/>
        <line num="99" count="2" type="stmt"/>
        <line num="100" count="1" type="cond" truecount="1" falsecount="1"/>
        <line num="101" count="0" type="stmt"/>
        <line num="103" count="1" type="stmt"/>
        <line num="104" count="1" type="stmt"/>
        <line num="107" count="1" type="stmt"/>
        <line num="109" count="0" type="stmt"/>
      </file>
    </package>
    <package name="src.routers">
      <metrics statements="26" coveredstatements="26" conditionals="0" coveredconditionals="0" methods="1" coveredmethods="1"/>
      <file name="routes.ts" path="C:\Users\jgono\Documents\Parroquia\parroquia_zu\src\routers\routes.ts">
        <metrics statements="26" coveredstatements="26" conditionals="0" coveredconditionals="0" methods="1" coveredmethods="1"/>
        <line num="2" count="11" type="stmt"/>
        <line num="3" count="11" type="stmt"/>
        <line num="4" count="11" type="stmt"/>
        <line num="5" count="11" type="stmt"/>
        <line num="6" count="11" type="stmt"/>
        <line num="7" count="11" type="stmt"/>
        <line num="8" count="11" type="stmt"/>
        <line num="9" count="11" type="stmt"/>
        <line num="10" count="11" type="stmt"/>
        <line num="11" count="11" type="stmt"/>
        <line num="12" count="11" type="stmt"/>
        <line num="13" count="11" type="stmt"/>
        <line num="15" count="11" type="stmt"/>
        <line num="17" count="11" type="stmt"/>
        <line num="19" count="11" type="stmt"/>
        <line num="20" count="11" type="stmt"/>
        <line num="21" count="11" type="stmt"/>
        <line num="22" count="11" type="stmt"/>
        <line num="23" count="11" type="stmt"/>
        <line num="24" count="11" type="stmt"/>
        <line num="25" count="11" type="stmt"/>
        <line num="26" count="11" type="stmt"/>
        <line num="27" count="11" type="stmt"/>
        <line num="28" count="11" type="stmt"/>
        <line num="29" count="11" type="stmt"/>
        <line num="31" count="11" type="stmt"/>
      </file>
    </package>
    <package name="test.presentation">
      <metrics statements="4" coveredstatements="4" conditionals="0" coveredconditionals="0" methods="0" coveredmethods="0"/>
      <file name="test-server.ts" path="C:\Users\jgono\Documents\Parroquia\parroquia_zu\test\presentation\test-server.ts">
        <metrics statements="4" coveredstatements="4" conditionals="0" coveredconditionals="0" methods="0" coveredmethods="0"/>
        <line num="1" count="10" type="stmt"/>
        <line num="2" count="10" type="stmt"/>
        <line num="3" count="10" type="stmt"/>
        <line num="5" count="10" type="stmt"/>
      </file>
    </package>
  </project>
</coverage>
